  [4;36;1mSQL (0.000523)[0m   [0;1m SELECT name
 FROM sqlite_master
 WHERE type = 'table' AND NOT name = 'sqlite_sequence'
[0m
  [4;35;1mSQL (0.000140)[0m   [0mselect sqlite_version(*)[0m
  [4;36;1mSQL (0.002577)[0m   [0;1mCREATE TABLE "schema_migrations" ("version" varchar(255) NOT NULL) [0m
  [4;35;1mSQL (0.001923)[0m   [0mCREATE UNIQUE INDEX "unique_schema_migrations" ON "schema_migrations" ("version")[0m
  [4;36;1mSQL (0.000269)[0m   [0;1m SELECT name
 FROM sqlite_master
 WHERE type = 'table' AND NOT name = 'sqlite_sequence'
[0m
  [4;35;1mSQL (0.000188)[0m   [0mSELECT version FROM schema_migrations[0m
Migrating to CreateGroups (20081022233650)
  [4;36;1mSQL (0.002276)[0m   [0;1mCREATE TABLE "groups" ("id" INTEGER PRIMARY KEY AUTOINCREMENT NOT NULL, "name" varchar(255), "description" text, "type" varchar(255), "active" boolean, "created_at" datetime, "updated_at" datetime) [0m
  [4;35;1mSQL (0.002005)[0m   [0mINSERT INTO schema_migrations (version) VALUES ('20081022233650')[0m
Migrating to CreateCategories (20081022234013)
  [4;36;1mSQL (0.002034)[0m   [0;1mCREATE TABLE "categories" ("id" INTEGER PRIMARY KEY AUTOINCREMENT NOT NULL, "name" varchar(255), "created_at" datetime, "updated_at" datetime) [0m
  [4;35;1mSQL (0.002933)[0m   [0mCREATE TABLE "categories_groups" ("id" INTEGER PRIMARY KEY AUTOINCREMENT NOT NULL, "category_id" integer, "group_id" integer) [0m
  [4;36;1mSQL (0.002127)[0m   [0;1mINSERT INTO schema_migrations (version) VALUES ('20081022234013')[0m
  [4;35;1mSQL (0.000380)[0m   [0m SELECT name
 FROM sqlite_master
 WHERE type = 'table' AND NOT name = 'sqlite_sequence'
[0m
  [4;36;1mSQL (0.000295)[0m   [0;1mSELECT version FROM schema_migrations[0m
  [4;35;1mSQL (0.000293)[0m   [0m SELECT name
 FROM sqlite_master
 WHERE type = 'table' AND NOT name = 'sqlite_sequence'
[0m
  [4;36;1mSQL (0.000075)[0m   [0;1mPRAGMA index_list("categories")[0m
  [4;35;1mSQL (0.000059)[0m   [0mPRAGMA index_list("categories_groups")[0m
  [4;36;1mSQL (0.000069)[0m   [0;1mPRAGMA index_list("groups")[0m
  [4;36;1mCategory Create (0.000445)[0m   [0;1mINSERT INTO "categories" ("name", "updated_at", "created_at") VALUES('Miscellaneous', '2008-10-22 23:45:37', '2008-10-22 23:45:37')[0m
  [4;35;1mCategory Create (0.000434)[0m   [0mINSERT INTO "categories" ("name", "updated_at", "created_at") VALUES('Political', '2008-10-22 23:45:37', '2008-10-22 23:45:37')[0m
  [4;36;1mCategory Create (0.000451)[0m   [0;1mINSERT INTO "categories" ("name", "updated_at", "created_at") VALUES('Sports & Recreation', '2008-10-22 23:45:37', '2008-10-22 23:45:37')[0m
  [4;35;1mCategory Create (0.000649)[0m   [0mINSERT INTO "categories" ("name", "updated_at", "created_at") VALUES('Art', '2008-10-22 23:45:37', '2008-10-22 23:45:37')[0m
  [4;36;1mCategory Create (0.000448)[0m   [0;1mINSERT INTO "categories" ("name", "updated_at", "created_at") VALUES('Academic', '2008-10-22 23:45:37', '2008-10-22 23:45:37')[0m
  [4;35;1mCategory Create (0.000479)[0m   [0mINSERT INTO "categories" ("name", "updated_at", "created_at") VALUES('International', '2008-10-22 23:45:37', '2008-10-22 23:45:37')[0m
  [4;36;1mCategory Load (0.000757)[0m   [0;1mSELECT * FROM "categories" [0m
  [4;35;1mCategory Load (0.000778)[0m   [0mSELECT * FROM "categories" [0m


Processing GroupsController#index (for 127.0.0.1 at 2008-10-22 19:51:41) [GET]
  Session ID: 5aa398cdee5aad1979d8d74a1dc2b447
  Parameters: {"action"=>"index", "controller"=>"groups"}
  [4;36;1mGroup Load (0.000494)[0m   [0;1mSELECT * FROM "groups" [0m
Rendering groups/index
Completed in 0.00727 (137 reqs/sec) | Rendering: 0.00100 (13%) | DB: 0.00049 (6%) | 200 OK [http://localhost/]


Processing CategoriesController#index (for 127.0.0.1 at 2008-10-22 19:52:59) [GET]
  Session ID: BAh7BiIKZmxhc2hJQzonQWN0aW9uQ29udHJvbGxlcjo6Rmxhc2g6OkZsYXNo
SGFzaHsABjoKQHVzZWR7AA==--143c30fce6c20e5c4636692676d43f15665f4a8e
  Parameters: {"action"=>"index", "controller"=>"categories"}
  [4;35;1mCategory Load (0.000767)[0m   [0mSELECT * FROM "categories" [0m
Rendering categories/index
Completed in 0.01041 (96 reqs/sec) | Rendering: 0.00357 (34%) | DB: 0.00077 (7%) | 200 OK [http://localhost/categories]


Processing CategoriesController#show (for 127.0.0.1 at 2008-10-22 19:53:03) [GET]
  Session ID: BAh7BiIKZmxhc2hJQzonQWN0aW9uQ29udHJvbGxlcjo6Rmxhc2g6OkZsYXNo
SGFzaHsABjoKQHVzZWR7AA==--143c30fce6c20e5c4636692676d43f15665f4a8e
  Parameters: {"action"=>"show", "id"=>"1", "controller"=>"categories"}
Rendering categories/show
Completed in 0.00280 (356 reqs/sec) | Rendering: 0.00082 (29%) | DB: 0.00000 (0%) | 200 OK [http://localhost/categories/1]


Processing GroupsController#index (for 127.0.0.1 at 2008-10-22 19:57:25) [GET]
  Session ID: BAh7BiIKZmxhc2hJQzonQWN0aW9uQ29udHJvbGxlcjo6Rmxhc2g6OkZsYXNo
SGFzaHsABjoKQHVzZWR7AA==--143c30fce6c20e5c4636692676d43f15665f4a8e
  Parameters: {"action"=>"index", "controller"=>"groups"}
  [4;36;1mGroup Load (0.000428)[0m   [0;1mSELECT * FROM "groups" [0m
Rendering groups/index
Completed in 0.00698 (143 reqs/sec) | Rendering: 0.00055 (7%) | DB: 0.00043 (6%) | 200 OK [http://localhost/]


Processing GroupsController#new (for 127.0.0.1 at 2008-10-22 19:57:28) [GET]
  Session ID: BAh7BiIKZmxhc2hJQzonQWN0aW9uQ29udHJvbGxlcjo6Rmxhc2g6OkZsYXNo
SGFzaHsABjoKQHVzZWR7AA==--143c30fce6c20e5c4636692676d43f15665f4a8e
  Parameters: {"action"=>"new", "controller"=>"groups"}


ActionController::UnknownAction (No action responded to new):
    /opt/local/lib/ruby/gems/1.8/gems/actionpack-2.1.1/lib/action_controller/filters.rb:579:in `call_filters'
    /opt/local/lib/ruby/gems/1.8/gems/actionpack-2.1.1/lib/action_controller/filters.rb:572:in `perform_action_without_benchmark'
    /opt/local/lib/ruby/gems/1.8/gems/actionpack-2.1.1/lib/action_controller/benchmarking.rb:68:in `perform_action_without_rescue'
    /opt/local/lib/ruby/1.8/benchmark.rb:293:in `measure'
    /opt/local/lib/ruby/gems/1.8/gems/actionpack-2.1.1/lib/action_controller/benchmarking.rb:68:in `perform_action_without_rescue'
    /opt/local/lib/ruby/gems/1.8/gems/actionpack-2.1.1/lib/action_controller/rescue.rb:201:in `perform_action_without_caching'
    /opt/local/lib/ruby/gems/1.8/gems/actionpack-2.1.1/lib/action_controller/caching/sql_cache.rb:13:in `perform_action'
    /opt/local/lib/ruby/gems/1.8/gems/activerecord-2.1.1/lib/active_record/connection_adapters/abstract/query_cache.rb:33:in `cache'
    /opt/local/lib/ruby/gems/1.8/gems/activerecord-2.1.1/lib/active_record/query_cache.rb:8:in `cache'
    /opt/local/lib/ruby/gems/1.8/gems/actionpack-2.1.1/lib/action_controller/caching/sql_cache.rb:12:in `perform_action'
    /opt/local/lib/ruby/gems/1.8/gems/actionpack-2.1.1/lib/action_controller/base.rb:529:in `send'
    /opt/local/lib/ruby/gems/1.8/gems/actionpack-2.1.1/lib/action_controller/base.rb:529:in `process_without_filters'
    /opt/local/lib/ruby/gems/1.8/gems/actionpack-2.1.1/lib/action_controller/filters.rb:568:in `process_without_session_management_support'
    /opt/local/lib/ruby/gems/1.8/gems/actionpack-2.1.1/lib/action_controller/session_management.rb:130:in `process'
    /opt/local/lib/ruby/gems/1.8/gems/actionpack-2.1.1/lib/action_controller/base.rb:389:in `process'
    /opt/local/lib/ruby/gems/1.8/gems/actionpack-2.1.1/lib/action_controller/dispatcher.rb:149:in `handle_request'
    /opt/local/lib/ruby/gems/1.8/gems/actionpack-2.1.1/lib/action_controller/dispatcher.rb:107:in `dispatch'
    /opt/local/lib/ruby/gems/1.8/gems/actionpack-2.1.1/lib/action_controller/dispatcher.rb:104:in `synchronize'
    /opt/local/lib/ruby/gems/1.8/gems/actionpack-2.1.1/lib/action_controller/dispatcher.rb:104:in `dispatch'
    /opt/local/lib/ruby/gems/1.8/gems/actionpack-2.1.1/lib/action_controller/dispatcher.rb:120:in `dispatch_cgi'
    /opt/local/lib/ruby/gems/1.8/gems/actionpack-2.1.1/lib/action_controller/dispatcher.rb:35:in `dispatch'
    /opt/local/lib/ruby/gems/1.8/gems/mongrel-1.1.5/bin/../lib/mongrel/rails.rb:76:in `process'
    /opt/local/lib/ruby/gems/1.8/gems/mongrel-1.1.5/bin/../lib/mongrel/rails.rb:74:in `synchronize'
    /opt/local/lib/ruby/gems/1.8/gems/mongrel-1.1.5/bin/../lib/mongrel/rails.rb:74:in `process'
    /opt/local/lib/ruby/gems/1.8/gems/mongrel-1.1.5/bin/../lib/mongrel.rb:159:in `process_client'
    /opt/local/lib/ruby/gems/1.8/gems/mongrel-1.1.5/bin/../lib/mongrel.rb:158:in `each'
    /opt/local/lib/ruby/gems/1.8/gems/mongrel-1.1.5/bin/../lib/mongrel.rb:158:in `process_client'
    /opt/local/lib/ruby/gems/1.8/gems/mongrel-1.1.5/bin/../lib/mongrel.rb:285:in `run'
    /opt/local/lib/ruby/gems/1.8/gems/mongrel-1.1.5/bin/../lib/mongrel.rb:285:in `initialize'
    /opt/local/lib/ruby/gems/1.8/gems/mongrel-1.1.5/bin/../lib/mongrel.rb:285:in `new'
    /opt/local/lib/ruby/gems/1.8/gems/mongrel-1.1.5/bin/../lib/mongrel.rb:285:in `run'
    /opt/local/lib/ruby/gems/1.8/gems/mongrel-1.1.5/bin/../lib/mongrel.rb:268:in `initialize'
    /opt/local/lib/ruby/gems/1.8/gems/mongrel-1.1.5/bin/../lib/mongrel.rb:268:in `new'
    /opt/local/lib/ruby/gems/1.8/gems/mongrel-1.1.5/bin/../lib/mongrel.rb:268:in `run'
    /opt/local/lib/ruby/gems/1.8/gems/mongrel-1.1.5/bin/../lib/mongrel/configurator.rb:282:in `run'
    /opt/local/lib/ruby/gems/1.8/gems/mongrel-1.1.5/bin/../lib/mongrel/configurator.rb:281:in `each'
    /opt/local/lib/ruby/gems/1.8/gems/mongrel-1.1.5/bin/../lib/mongrel/configurator.rb:281:in `run'
    /opt/local/lib/ruby/gems/1.8/gems/mongrel-1.1.5/bin/mongrel_rails:128:in `run'
    /opt/local/lib/ruby/gems/1.8/gems/mongrel-1.1.5/bin/../lib/mongrel/command.rb:212:in `run'
    /opt/local/lib/ruby/gems/1.8/gems/mongrel-1.1.5/bin/mongrel_rails:281
    /opt/local/bin/mongrel_rails:19:in `load'
    /opt/local/bin/mongrel_rails:19

Rendering /opt/local/lib/ruby/gems/1.8/gems/actionpack-2.1.1/lib/action_controller/templates/rescues/layout.erb (not_found)


Processing GroupsController#new (for 127.0.0.1 at 2008-10-22 19:57:58) [GET]
  Session ID: BAh7BiIKZmxhc2hJQzonQWN0aW9uQ29udHJvbGxlcjo6Rmxhc2g6OkZsYXNo
SGFzaHsABjoKQHVzZWR7AA==--143c30fce6c20e5c4636692676d43f15665f4a8e
  Parameters: {"action"=>"new", "controller"=>"groups"}
Rendering groups/new
Completed in 0.01040 (96 reqs/sec) | Rendering: 0.00342 (32%) | DB: 0.00000 (0%) | 200 OK [http://localhost/groups/new]


Processing GroupsController#new (for 127.0.0.1 at 2008-10-22 20:00:00) [GET]
  Session ID: BAh7BzoMY3NyZl9pZCIlZjk2YzA5ZTY1Y2YyMzQ3NzE1OGZhOTA2MjdjZTQ5
NWIiCmZsYXNoSUM6J0FjdGlvbkNvbnRyb2xsZXI6OkZsYXNoOjpGbGFzaEhh
c2h7AAY6CkB1c2VkewA=--958d533a7ef098eab139e1f8483a6ac6f1c3a900
  Parameters: {"action"=>"new", "controller"=>"groups"}
Rendering groups/new


ActionView::TemplateError (wrong number of arguments (2 for 4)) on line #5 of groups/new.html.erb:
2: <% form_for :group, @group do |f| %>
3: <%= f.label :name %>: <%= f.text_field :name %><br/>
4: <%= f.label :description %>:<br/><%= f.text_area :description %><br/>
5: <%= f.label :type %>: <%= f.collection_select :type, ["club", "council", "cabinet", "publication"] %>
6: <% end %>

    app/views/groups/new.html.erb:5:in `collection_select'
    app/views/groups/new.html.erb:5:in `_run_erb_47app47views47groups47new46html46erb'
    /opt/local/lib/ruby/gems/1.8/gems/actionpack-2.1.1/lib/action_view/helpers/form_helper.rb:317:in `fields_for'
    /opt/local/lib/ruby/gems/1.8/gems/actionpack-2.1.1/lib/action_view/helpers/form_helper.rb:253:in `form_for'
    app/views/groups/new.html.erb:2:in `_run_erb_47app47views47groups47new46html46erb'
    /opt/local/lib/ruby/gems/1.8/gems/actionpack-2.1.1/lib/action_view/base.rb:342:in `send'
    /opt/local/lib/ruby/gems/1.8/gems/actionpack-2.1.1/lib/action_view/base.rb:342:in `execute'
    /opt/local/lib/ruby/gems/1.8/gems/actionpack-2.1.1/lib/action_view/template_handlers/compilable.rb:29:in `send'
    /opt/local/lib/ruby/gems/1.8/gems/actionpack-2.1.1/lib/action_view/template_handlers/compilable.rb:29:in `render'
    /opt/local/lib/ruby/gems/1.8/gems/actionpack-2.1.1/lib/action_view/template.rb:35:in `render'
    /opt/local/lib/ruby/gems/1.8/gems/actionpack-2.1.1/lib/action_view/template.rb:22:in `render_template'
    /opt/local/lib/ruby/gems/1.8/gems/actionpack-2.1.1/lib/action_view/base.rb:248:in `render_file'
    /opt/local/lib/ruby/gems/1.8/gems/actionpack-2.1.1/lib/action_controller/base.rb:1112:in `render_for_file'
    /opt/local/lib/ruby/gems/1.8/gems/actionpack-2.1.1/lib/action_controller/base.rb:845:in `render_with_no_layout'
    /opt/local/lib/ruby/gems/1.8/gems/actionpack-2.1.1/lib/action_controller/layout.rb:259:in `render_without_benchmark'
    /opt/local/lib/ruby/gems/1.8/gems/actionpack-2.1.1/lib/action_controller/benchmarking.rb:51:in `render'
    /opt/local/lib/ruby/gems/1.8/gems/activesupport-2.1.1/lib/active_support/core_ext/benchmark.rb:8:in `realtime'
    /opt/local/lib/ruby/gems/1.8/gems/actionpack-2.1.1/lib/action_controller/benchmarking.rb:51:in `render'
    /opt/local/lib/ruby/gems/1.8/gems/actionpack-2.1.1/lib/action_controller/base.rb:1161:in `default_render'
    /opt/local/lib/ruby/gems/1.8/gems/actionpack-2.1.1/lib/action_controller/base.rb:1167:in `perform_action_without_filters'
    /opt/local/lib/ruby/gems/1.8/gems/actionpack-2.1.1/lib/action_controller/filters.rb:579:in `call_filters'
    /opt/local/lib/ruby/gems/1.8/gems/actionpack-2.1.1/lib/action_controller/filters.rb:572:in `perform_action_without_benchmark'
    /opt/local/lib/ruby/gems/1.8/gems/actionpack-2.1.1/lib/action_controller/benchmarking.rb:68:in `perform_action_without_rescue'
    /opt/local/lib/ruby/1.8/benchmark.rb:293:in `measure'
    /opt/local/lib/ruby/gems/1.8/gems/actionpack-2.1.1/lib/action_controller/benchmarking.rb:68:in `perform_action_without_rescue'
    /opt/local/lib/ruby/gems/1.8/gems/actionpack-2.1.1/lib/action_controller/rescue.rb:201:in `perform_action_without_caching'
    /opt/local/lib/ruby/gems/1.8/gems/actionpack-2.1.1/lib/action_controller/caching/sql_cache.rb:13:in `perform_action'
    /opt/local/lib/ruby/gems/1.8/gems/activerecord-2.1.1/lib/active_record/connection_adapters/abstract/query_cache.rb:33:in `cache'
    /opt/local/lib/ruby/gems/1.8/gems/activerecord-2.1.1/lib/active_record/query_cache.rb:8:in `cache'
    /opt/local/lib/ruby/gems/1.8/gems/actionpack-2.1.1/lib/action_controller/caching/sql_cache.rb:12:in `perform_action'
    /opt/local/lib/ruby/gems/1.8/gems/actionpack-2.1.1/lib/action_controller/base.rb:529:in `send'
    /opt/local/lib/ruby/gems/1.8/gems/actionpack-2.1.1/lib/action_controller/base.rb:529:in `process_without_filters'
    /opt/local/lib/ruby/gems/1.8/gems/actionpack-2.1.1/lib/action_controller/filters.rb:568:in `process_without_session_management_support'
    /opt/local/lib/ruby/gems/1.8/gems/actionpack-2.1.1/lib/action_controller/session_management.rb:130:in `process'
    /opt/local/lib/ruby/gems/1.8/gems/actionpack-2.1.1/lib/action_controller/base.rb:389:in `process'
    /opt/local/lib/ruby/gems/1.8/gems/actionpack-2.1.1/lib/action_controller/dispatcher.rb:149:in `handle_request'
    /opt/local/lib/ruby/gems/1.8/gems/actionpack-2.1.1/lib/action_controller/dispatcher.rb:107:in `dispatch'
    /opt/local/lib/ruby/gems/1.8/gems/actionpack-2.1.1/lib/action_controller/dispatcher.rb:104:in `synchronize'
    /opt/local/lib/ruby/gems/1.8/gems/actionpack-2.1.1/lib/action_controller/dispatcher.rb:104:in `dispatch'
    /opt/local/lib/ruby/gems/1.8/gems/actionpack-2.1.1/lib/action_controller/dispatcher.rb:120:in `dispatch_cgi'
    /opt/local/lib/ruby/gems/1.8/gems/actionpack-2.1.1/lib/action_controller/dispatcher.rb:35:in `dispatch'
    /opt/local/lib/ruby/gems/1.8/gems/mongrel-1.1.5/lib/mongrel/rails.rb:76:in `process'
    /opt/local/lib/ruby/gems/1.8/gems/mongrel-1.1.5/lib/mongrel/rails.rb:74:in `synchronize'
    /opt/local/lib/ruby/gems/1.8/gems/mongrel-1.1.5/lib/mongrel/rails.rb:74:in `process'
    /opt/local/lib/ruby/gems/1.8/gems/mongrel-1.1.5/lib/mongrel.rb:159:in `process_client'
    /opt/local/lib/ruby/gems/1.8/gems/mongrel-1.1.5/lib/mongrel.rb:158:in `each'
    /opt/local/lib/ruby/gems/1.8/gems/mongrel-1.1.5/lib/mongrel.rb:158:in `process_client'
    /opt/local/lib/ruby/gems/1.8/gems/mongrel-1.1.5/lib/mongrel.rb:285:in `run'
    /opt/local/lib/ruby/gems/1.8/gems/mongrel-1.1.5/lib/mongrel.rb:285:in `initialize'
    /opt/local/lib/ruby/gems/1.8/gems/mongrel-1.1.5/lib/mongrel.rb:285:in `new'
    /opt/local/lib/ruby/gems/1.8/gems/mongrel-1.1.5/lib/mongrel.rb:285:in `run'
    /opt/local/lib/ruby/gems/1.8/gems/mongrel-1.1.5/lib/mongrel.rb:268:in `initialize'
    /opt/local/lib/ruby/gems/1.8/gems/mongrel-1.1.5/lib/mongrel.rb:268:in `new'
    /opt/local/lib/ruby/gems/1.8/gems/mongrel-1.1.5/lib/mongrel.rb:268:in `run'
    /opt/local/lib/ruby/gems/1.8/gems/mongrel-1.1.5/lib/mongrel/configurator.rb:282:in `run'
    /opt/local/lib/ruby/gems/1.8/gems/mongrel-1.1.5/lib/mongrel/configurator.rb:281:in `each'
    /opt/local/lib/ruby/gems/1.8/gems/mongrel-1.1.5/lib/mongrel/configurator.rb:281:in `run'
    /opt/local/lib/ruby/gems/1.8/gems/mongrel-1.1.5/bin/mongrel_rails:128:in `run'
    /opt/local/lib/ruby/gems/1.8/gems/mongrel-1.1.5/lib/mongrel/command.rb:212:in `run'
    /opt/local/lib/ruby/gems/1.8/gems/mongrel-1.1.5/bin/mongrel_rails:281
    /opt/local/bin/mongrel_rails:19:in `load'
    /opt/local/bin/mongrel_rails:19

Rendering /opt/local/lib/ruby/gems/1.8/gems/actionpack-2.1.1/lib/action_controller/templates/rescues/layout.erb (internal_server_error)


Processing GroupsController#new (for 127.0.0.1 at 2008-10-22 20:03:51) [GET]
  Session ID: BAh7BzoMY3NyZl9pZCIlZjk2YzA5ZTY1Y2YyMzQ3NzE1OGZhOTA2MjdjZTQ5
NWIiCmZsYXNoSUM6J0FjdGlvbkNvbnRyb2xsZXI6OkZsYXNoOjpGbGFzaEhh
c2h7AAY6CkB1c2VkewA=--958d533a7ef098eab139e1f8483a6ac6f1c3a900
  Parameters: {"action"=>"new", "controller"=>"groups"}
Rendering groups/new
Completed in 0.00962 (104 reqs/sec) | Rendering: 0.00323 (33%) | DB: 0.00000 (0%) | 200 OK [http://localhost/groups/new]


Processing GroupsController#new (for 127.0.0.1 at 2008-10-22 20:04:27) [GET]
  Session ID: BAh7BzoMY3NyZl9pZCIlZjk2YzA5ZTY1Y2YyMzQ3NzE1OGZhOTA2MjdjZTQ5
NWIiCmZsYXNoSUM6J0FjdGlvbkNvbnRyb2xsZXI6OkZsYXNoOjpGbGFzaEhh
c2h7AAY6CkB1c2VkewA=--958d533a7ef098eab139e1f8483a6ac6f1c3a900
  Parameters: {"action"=>"new", "controller"=>"groups"}
Rendering groups/new


ActionView::TemplateError (undefined method `checkbox' for #<ActionView::Helpers::FormBuilder:0x227f2ac>) on line #6 of groups/new.html.erb:
3: <%= f.label :name %>: <%= f.text_field :name %><br/>
4: <%= f.label :description %>:<br/><%= f.text_area :description %><br/>
5: <%= f.label :type %>: <%= f.collection_select :type, ["club", "council", "cabinet", "publication"], :to_s, :to_s %>
6: <%= f.label :active %>: <%= f.checkbox :active, :value => true %>
7: <% end %>

    app/views/groups/new.html.erb:6:in `_run_erb_47app47views47groups47new46html46erb'
    /opt/local/lib/ruby/gems/1.8/gems/actionpack-2.1.1/lib/action_view/helpers/form_helper.rb:317:in `fields_for'
    /opt/local/lib/ruby/gems/1.8/gems/actionpack-2.1.1/lib/action_view/helpers/form_helper.rb:253:in `form_for'
    app/views/groups/new.html.erb:2:in `_run_erb_47app47views47groups47new46html46erb'
    /opt/local/lib/ruby/gems/1.8/gems/actionpack-2.1.1/lib/action_view/base.rb:342:in `send'
    /opt/local/lib/ruby/gems/1.8/gems/actionpack-2.1.1/lib/action_view/base.rb:342:in `execute'
    /opt/local/lib/ruby/gems/1.8/gems/actionpack-2.1.1/lib/action_view/template_handlers/compilable.rb:29:in `send'
    /opt/local/lib/ruby/gems/1.8/gems/actionpack-2.1.1/lib/action_view/template_handlers/compilable.rb:29:in `render'
    /opt/local/lib/ruby/gems/1.8/gems/actionpack-2.1.1/lib/action_view/template.rb:35:in `render'
    /opt/local/lib/ruby/gems/1.8/gems/actionpack-2.1.1/lib/action_view/template.rb:22:in `render_template'
    /opt/local/lib/ruby/gems/1.8/gems/actionpack-2.1.1/lib/action_view/base.rb:248:in `render_file'
    /opt/local/lib/ruby/gems/1.8/gems/actionpack-2.1.1/lib/action_controller/base.rb:1112:in `render_for_file'
    /opt/local/lib/ruby/gems/1.8/gems/actionpack-2.1.1/lib/action_controller/base.rb:845:in `render_with_no_layout'
    /opt/local/lib/ruby/gems/1.8/gems/actionpack-2.1.1/lib/action_controller/layout.rb:259:in `render_without_benchmark'
    /opt/local/lib/ruby/gems/1.8/gems/actionpack-2.1.1/lib/action_controller/benchmarking.rb:51:in `render'
    /opt/local/lib/ruby/gems/1.8/gems/activesupport-2.1.1/lib/active_support/core_ext/benchmark.rb:8:in `realtime'
    /opt/local/lib/ruby/gems/1.8/gems/actionpack-2.1.1/lib/action_controller/benchmarking.rb:51:in `render'
    /opt/local/lib/ruby/gems/1.8/gems/actionpack-2.1.1/lib/action_controller/base.rb:1161:in `default_render'
    /opt/local/lib/ruby/gems/1.8/gems/actionpack-2.1.1/lib/action_controller/base.rb:1167:in `perform_action_without_filters'
    /opt/local/lib/ruby/gems/1.8/gems/actionpack-2.1.1/lib/action_controller/filters.rb:579:in `call_filters'
    /opt/local/lib/ruby/gems/1.8/gems/actionpack-2.1.1/lib/action_controller/filters.rb:572:in `perform_action_without_benchmark'
    /opt/local/lib/ruby/gems/1.8/gems/actionpack-2.1.1/lib/action_controller/benchmarking.rb:68:in `perform_action_without_rescue'
    /opt/local/lib/ruby/1.8/benchmark.rb:293:in `measure'
    /opt/local/lib/ruby/gems/1.8/gems/actionpack-2.1.1/lib/action_controller/benchmarking.rb:68:in `perform_action_without_rescue'
    /opt/local/lib/ruby/gems/1.8/gems/actionpack-2.1.1/lib/action_controller/rescue.rb:201:in `perform_action_without_caching'
    /opt/local/lib/ruby/gems/1.8/gems/actionpack-2.1.1/lib/action_controller/caching/sql_cache.rb:13:in `perform_action'
    /opt/local/lib/ruby/gems/1.8/gems/activerecord-2.1.1/lib/active_record/connection_adapters/abstract/query_cache.rb:33:in `cache'
    /opt/local/lib/ruby/gems/1.8/gems/activerecord-2.1.1/lib/active_record/query_cache.rb:8:in `cache'
    /opt/local/lib/ruby/gems/1.8/gems/actionpack-2.1.1/lib/action_controller/caching/sql_cache.rb:12:in `perform_action'
    /opt/local/lib/ruby/gems/1.8/gems/actionpack-2.1.1/lib/action_controller/base.rb:529:in `send'
    /opt/local/lib/ruby/gems/1.8/gems/actionpack-2.1.1/lib/action_controller/base.rb:529:in `process_without_filters'
    /opt/local/lib/ruby/gems/1.8/gems/actionpack-2.1.1/lib/action_controller/filters.rb:568:in `process_without_session_management_support'
    /opt/local/lib/ruby/gems/1.8/gems/actionpack-2.1.1/lib/action_controller/session_management.rb:130:in `process'
    /opt/local/lib/ruby/gems/1.8/gems/actionpack-2.1.1/lib/action_controller/base.rb:389:in `process'
    /opt/local/lib/ruby/gems/1.8/gems/actionpack-2.1.1/lib/action_controller/dispatcher.rb:149:in `handle_request'
    /opt/local/lib/ruby/gems/1.8/gems/actionpack-2.1.1/lib/action_controller/dispatcher.rb:107:in `dispatch'
    /opt/local/lib/ruby/gems/1.8/gems/actionpack-2.1.1/lib/action_controller/dispatcher.rb:104:in `synchronize'
    /opt/local/lib/ruby/gems/1.8/gems/actionpack-2.1.1/lib/action_controller/dispatcher.rb:104:in `dispatch'
    /opt/local/lib/ruby/gems/1.8/gems/actionpack-2.1.1/lib/action_controller/dispatcher.rb:120:in `dispatch_cgi'
    /opt/local/lib/ruby/gems/1.8/gems/actionpack-2.1.1/lib/action_controller/dispatcher.rb:35:in `dispatch'
    /opt/local/lib/ruby/gems/1.8/gems/mongrel-1.1.5/lib/mongrel/rails.rb:76:in `process'
    /opt/local/lib/ruby/gems/1.8/gems/mongrel-1.1.5/lib/mongrel/rails.rb:74:in `synchronize'
    /opt/local/lib/ruby/gems/1.8/gems/mongrel-1.1.5/lib/mongrel/rails.rb:74:in `process'
    /opt/local/lib/ruby/gems/1.8/gems/mongrel-1.1.5/lib/mongrel.rb:159:in `process_client'
    /opt/local/lib/ruby/gems/1.8/gems/mongrel-1.1.5/lib/mongrel.rb:158:in `each'
    /opt/local/lib/ruby/gems/1.8/gems/mongrel-1.1.5/lib/mongrel.rb:158:in `process_client'
    /opt/local/lib/ruby/gems/1.8/gems/mongrel-1.1.5/lib/mongrel.rb:285:in `run'
    /opt/local/lib/ruby/gems/1.8/gems/mongrel-1.1.5/lib/mongrel.rb:285:in `initialize'
    /opt/local/lib/ruby/gems/1.8/gems/mongrel-1.1.5/lib/mongrel.rb:285:in `new'
    /opt/local/lib/ruby/gems/1.8/gems/mongrel-1.1.5/lib/mongrel.rb:285:in `run'
    /opt/local/lib/ruby/gems/1.8/gems/mongrel-1.1.5/lib/mongrel.rb:268:in `initialize'
    /opt/local/lib/ruby/gems/1.8/gems/mongrel-1.1.5/lib/mongrel.rb:268:in `new'
    /opt/local/lib/ruby/gems/1.8/gems/mongrel-1.1.5/lib/mongrel.rb:268:in `run'
    /opt/local/lib/ruby/gems/1.8/gems/mongrel-1.1.5/lib/mongrel/configurator.rb:282:in `run'
    /opt/local/lib/ruby/gems/1.8/gems/mongrel-1.1.5/lib/mongrel/configurator.rb:281:in `each'
    /opt/local/lib/ruby/gems/1.8/gems/mongrel-1.1.5/lib/mongrel/configurator.rb:281:in `run'
    /opt/local/lib/ruby/gems/1.8/gems/mongrel-1.1.5/bin/mongrel_rails:128:in `run'
    /opt/local/lib/ruby/gems/1.8/gems/mongrel-1.1.5/lib/mongrel/command.rb:212:in `run'
    /opt/local/lib/ruby/gems/1.8/gems/mongrel-1.1.5/bin/mongrel_rails:281
    /opt/local/bin/mongrel_rails:19:in `load'
    /opt/local/bin/mongrel_rails:19

Rendering /opt/local/lib/ruby/gems/1.8/gems/actionpack-2.1.1/lib/action_controller/templates/rescues/layout.erb (internal_server_error)


Processing GroupsController#new (for 127.0.0.1 at 2008-10-22 20:05:17) [GET]
  Session ID: BAh7BzoMY3NyZl9pZCIlZjk2YzA5ZTY1Y2YyMzQ3NzE1OGZhOTA2MjdjZTQ5
NWIiCmZsYXNoSUM6J0FjdGlvbkNvbnRyb2xsZXI6OkZsYXNoOjpGbGFzaEhh
c2h7AAY6CkB1c2VkewA=--958d533a7ef098eab139e1f8483a6ac6f1c3a900
  Parameters: {"action"=>"new", "controller"=>"groups"}
Rendering groups/new
Completed in 0.00943 (106 reqs/sec) | Rendering: 0.00316 (33%) | DB: 0.00000 (0%) | 200 OK [http://localhost/groups/new]


Processing GroupsController#new (for 127.0.0.1 at 2008-10-22 20:06:11) [GET]
  Session ID: BAh7BzoMY3NyZl9pZCIlZjk2YzA5ZTY1Y2YyMzQ3NzE1OGZhOTA2MjdjZTQ5
NWIiCmZsYXNoSUM6J0FjdGlvbkNvbnRyb2xsZXI6OkZsYXNoOjpGbGFzaEhh
c2h7AAY6CkB1c2VkewA=--958d533a7ef098eab139e1f8483a6ac6f1c3a900
  Parameters: {"action"=>"new", "controller"=>"groups"}
Rendering groups/new
Completed in 0.00995 (100 reqs/sec) | Rendering: 0.00331 (33%) | DB: 0.00000 (0%) | 200 OK [http://localhost/groups/new]


Processing GroupsController#new (for 127.0.0.1 at 2008-10-22 20:06:27) [GET]
  Session ID: BAh7BzoMY3NyZl9pZCIlZjk2YzA5ZTY1Y2YyMzQ3NzE1OGZhOTA2MjdjZTQ5
NWIiCmZsYXNoSUM6J0FjdGlvbkNvbnRyb2xsZXI6OkZsYXNoOjpGbGFzaEhh
c2h7AAY6CkB1c2VkewA=--958d533a7ef098eab139e1f8483a6ac6f1c3a900
  Parameters: {"action"=>"new", "controller"=>"groups"}
Rendering groups/new
Completed in 0.01009 (99 reqs/sec) | Rendering: 0.00335 (33%) | DB: 0.00000 (0%) | 200 OK [http://localhost/groups/new]


Processing GroupsController#new (for 127.0.0.1 at 2008-10-22 20:06:34) [GET]
  Session ID: BAh7BzoMY3NyZl9pZCIlZjk2YzA5ZTY1Y2YyMzQ3NzE1OGZhOTA2MjdjZTQ5
NWIiCmZsYXNoSUM6J0FjdGlvbkNvbnRyb2xsZXI6OkZsYXNoOjpGbGFzaEhh
c2h7AAY6CkB1c2VkewA=--958d533a7ef098eab139e1f8483a6ac6f1c3a900
  Parameters: {"action"=>"new", "controller"=>"groups"}
Rendering groups/new
Completed in 0.01015 (98 reqs/sec) | Rendering: 0.00357 (35%) | DB: 0.00000 (0%) | 200 OK [http://localhost/groups/new]


Processing GroupsController#new (for 127.0.0.1 at 2008-10-22 20:10:12) [GET]
  Session ID: BAh7BzoMY3NyZl9pZCIlZjk2YzA5ZTY1Y2YyMzQ3NzE1OGZhOTA2MjdjZTQ5
NWIiCmZsYXNoSUM6J0FjdGlvbkNvbnRyb2xsZXI6OkZsYXNoOjpGbGFzaEhh
c2h7AAY6CkB1c2VkewA=--958d533a7ef098eab139e1f8483a6ac6f1c3a900
  Parameters: {"action"=>"new", "controller"=>"groups"}
Rendering groups/new
Completed in 0.01041 (96 reqs/sec) | Rendering: 0.00287 (27%) | DB: 0.00000 (0%) | 200 OK [http://localhost/groups/new]


Processing GroupsController#new (for 127.0.0.1 at 2008-10-22 20:10:49) [POST]
  Session ID: BAh7BzoMY3NyZl9pZCIlZjk2YzA5ZTY1Y2YyMzQ3NzE1OGZhOTA2MjdjZTQ5
NWIiCmZsYXNoSUM6J0FjdGlvbkNvbnRyb2xsZXI6OkZsYXNoOjpGbGFzaEhh
c2h7AAY6CkB1c2VkewA=--958d533a7ef098eab139e1f8483a6ac6f1c3a900
  Parameters: {"commit"=>"Save changes", "authenticity_token"=>"6ed5bbe0b282d57c23a8f1569caba84d4cbfcfa0", "action"=>"new", "controller"=>"groups", "group"=>{"name"=>"Hypernikon", "type"=>"publication", "description"=>"Hypernikon is Gordon College's annual yearbook. They work all year to capture campus life and the years events for all classes to enjoy. Our office is located in lower lane, next to the mail room. We can be contacted through mail (Box B), e mail (hypernikon@gordon.edu), or phone (x4308)", "active"=>"1"}}
Rendering groups/new
Completed in 0.00915 (109 reqs/sec) | Rendering: 0.00272 (29%) | DB: 0.00000 (0%) | 200 OK [http://localhost/groups/new]


Processing GroupsController#index (for 127.0.0.1 at 2008-10-22 20:10:59) [GET]
  Session ID: BAh7BzoMY3NyZl9pZCIlZjk2YzA5ZTY1Y2YyMzQ3NzE1OGZhOTA2MjdjZTQ5
NWIiCmZsYXNoSUM6J0FjdGlvbkNvbnRyb2xsZXI6OkZsYXNoOjpGbGFzaEhh
c2h7AAY6CkB1c2VkewA=--958d533a7ef098eab139e1f8483a6ac6f1c3a900
  Parameters: {"action"=>"index", "controller"=>"groups"}
  [4;35;1mGroup Load (0.000385)[0m   [0mSELECT * FROM "groups" [0m
Rendering groups/index
Completed in 0.00652 (153 reqs/sec) | Rendering: 0.00061 (9%) | DB: 0.00039 (5%) | 200 OK [http://localhost/groups]


Processing GroupsController#index (for 127.0.0.1 at 2008-10-22 20:11:43) [GET]
  Session ID: BAh7BzoMY3NyZl9pZCIlZjk2YzA5ZTY1Y2YyMzQ3NzE1OGZhOTA2MjdjZTQ5
NWIiCmZsYXNoSUM6J0FjdGlvbkNvbnRyb2xsZXI6OkZsYXNoOjpGbGFzaEhh
c2h7AAY6CkB1c2VkewA=--958d533a7ef098eab139e1f8483a6ac6f1c3a900
  Parameters: {"action"=>"index", "controller"=>"groups"}
  [4;36;1mGroup Load (0.000426)[0m   [0;1mSELECT * FROM "groups" [0m
Rendering groups/index
Completed in 0.00679 (147 reqs/sec) | Rendering: 0.00051 (7%) | DB: 0.00043 (6%) | 200 OK [http://localhost/]


Processing GroupsController#new (for 127.0.0.1 at 2008-10-22 20:11:54) [POST]
  Session ID: BAh7BzoMY3NyZl9pZCIlZjk2YzA5ZTY1Y2YyMzQ3NzE1OGZhOTA2MjdjZTQ5
NWIiCmZsYXNoSUM6J0FjdGlvbkNvbnRyb2xsZXI6OkZsYXNoOjpGbGFzaEhh
c2h7AAY6CkB1c2VkewA=--958d533a7ef098eab139e1f8483a6ac6f1c3a900
  Parameters: {"commit"=>"Save changes", "authenticity_token"=>"6ed5bbe0b282d57c23a8f1569caba84d4cbfcfa0", "action"=>"new", "controller"=>"groups", "group"=>{"name"=>"Hypernikon", "type"=>"publication", "description"=>"Hypernikon is Gordon College's annual yearbook. They work all year to capture campus life and the years events for all classes to enjoy. Our office is located in lower lane, next to the mail room. We can be contacted through mail (Box B), e mail (hypernikon@gordon.edu), or phone (x4308)", "active"=>"1"}}
Rendering groups/new
Completed in 0.01019 (98 reqs/sec) | Rendering: 0.00384 (37%) | DB: 0.00000 (0%) | 200 OK [http://localhost/groups/new]


Processing GroupsController#index (for 127.0.0.1 at 2008-10-22 20:11:59) [GET]
  Session ID: BAh7BzoMY3NyZl9pZCIlZjk2YzA5ZTY1Y2YyMzQ3NzE1OGZhOTA2MjdjZTQ5
NWIiCmZsYXNoSUM6J0FjdGlvbkNvbnRyb2xsZXI6OkZsYXNoOjpGbGFzaEhh
c2h7AAY6CkB1c2VkewA=--958d533a7ef098eab139e1f8483a6ac6f1c3a900
  Parameters: {"action"=>"index", "controller"=>"groups"}
  [4;35;1mGroup Load (0.000405)[0m   [0mSELECT * FROM "groups" [0m
Rendering groups/index
Completed in 0.00626 (159 reqs/sec) | Rendering: 0.00049 (7%) | DB: 0.00041 (6%) | 200 OK [http://localhost/groups]


Processing GroupsController#new (for 127.0.0.1 at 2008-10-22 20:13:29) [GET]
  Session ID: BAh7BzoMY3NyZl9pZCIlZjk2YzA5ZTY1Y2YyMzQ3NzE1OGZhOTA2MjdjZTQ5
NWIiCmZsYXNoSUM6J0FjdGlvbkNvbnRyb2xsZXI6OkZsYXNoOjpGbGFzaEhh
c2h7AAY6CkB1c2VkewA=--958d533a7ef098eab139e1f8483a6ac6f1c3a900
  Parameters: {"action"=>"new", "controller"=>"groups"}
Rendering groups/new
Completed in 0.01068 (93 reqs/sec) | Rendering: 0.00367 (34%) | DB: 0.00000 (0%) | 200 OK [http://localhost/groups/new]


Processing GroupsController#create (for 127.0.0.1 at 2008-10-22 20:13:40) [POST]
  Session ID: BAh7BzoMY3NyZl9pZCIlZjk2YzA5ZTY1Y2YyMzQ3NzE1OGZhOTA2MjdjZTQ5
NWIiCmZsYXNoSUM6J0FjdGlvbkNvbnRyb2xsZXI6OkZsYXNoOjpGbGFzaEhh
c2h7AAY6CkB1c2VkewA=--958d533a7ef098eab139e1f8483a6ac6f1c3a900
  Parameters: {"commit"=>"Create Group", "authenticity_token"=>"6ed5bbe0b282d57c23a8f1569caba84d4cbfcfa0", "action"=>"create", "controller"=>"groups", "group"=>{"name"=>"Hypernikon", "type"=>"publication", "description"=>"Hypernikon is Gordon College's annual yearbook. They work all year to capture campus life and the years events for all classes to enjoy. Our office is located in lower lane, next to the mail room. We can be contacted through mail (Box B), e mail (hypernikon@gordon.edu), or phone (x4308)", "active"=>"1"}}
WARNING: Can't mass-assign these protected attributes: type


NoMethodError (undefined method `edit_url' for #<GroupsController:0x2096314>):
    /opt/local/lib/ruby/gems/1.8/gems/actionpack-2.1.1/lib/action_controller/polymorphic_routes.rb:105:in `send!'
    /opt/local/lib/ruby/gems/1.8/gems/actionpack-2.1.1/lib/action_controller/polymorphic_routes.rb:105:in `polymorphic_url'
    /opt/local/lib/ruby/gems/1.8/gems/actionpack-2.1.1/lib/action_controller/base.rb:624:in `url_for'
    /opt/local/lib/ruby/gems/1.8/gems/actionpack-2.1.1/lib/action_controller/base.rb:1073:in `redirect_to'
    /app/controllers/groups_controller.rb:20:in `create'
    /opt/local/lib/ruby/gems/1.8/gems/actionpack-2.1.1/lib/action_controller/base.rb:1166:in `send'
    /opt/local/lib/ruby/gems/1.8/gems/actionpack-2.1.1/lib/action_controller/base.rb:1166:in `perform_action_without_filters'
    /opt/local/lib/ruby/gems/1.8/gems/actionpack-2.1.1/lib/action_controller/filters.rb:579:in `call_filters'
    /opt/local/lib/ruby/gems/1.8/gems/actionpack-2.1.1/lib/action_controller/filters.rb:572:in `perform_action_without_benchmark'
    /opt/local/lib/ruby/gems/1.8/gems/actionpack-2.1.1/lib/action_controller/benchmarking.rb:68:in `perform_action_without_rescue'
    /opt/local/lib/ruby/1.8/benchmark.rb:293:in `measure'
    /opt/local/lib/ruby/gems/1.8/gems/actionpack-2.1.1/lib/action_controller/benchmarking.rb:68:in `perform_action_without_rescue'
    /opt/local/lib/ruby/gems/1.8/gems/actionpack-2.1.1/lib/action_controller/rescue.rb:201:in `perform_action_without_caching'
    /opt/local/lib/ruby/gems/1.8/gems/actionpack-2.1.1/lib/action_controller/caching/sql_cache.rb:13:in `perform_action'
    /opt/local/lib/ruby/gems/1.8/gems/activerecord-2.1.1/lib/active_record/connection_adapters/abstract/query_cache.rb:33:in `cache'
    /opt/local/lib/ruby/gems/1.8/gems/activerecord-2.1.1/lib/active_record/query_cache.rb:8:in `cache'
    /opt/local/lib/ruby/gems/1.8/gems/actionpack-2.1.1/lib/action_controller/caching/sql_cache.rb:12:in `perform_action'
    /opt/local/lib/ruby/gems/1.8/gems/actionpack-2.1.1/lib/action_controller/base.rb:529:in `send'
    /opt/local/lib/ruby/gems/1.8/gems/actionpack-2.1.1/lib/action_controller/base.rb:529:in `process_without_filters'
    /opt/local/lib/ruby/gems/1.8/gems/actionpack-2.1.1/lib/action_controller/filters.rb:568:in `process_without_session_management_support'
    /opt/local/lib/ruby/gems/1.8/gems/actionpack-2.1.1/lib/action_controller/session_management.rb:130:in `process'
    /opt/local/lib/ruby/gems/1.8/gems/actionpack-2.1.1/lib/action_controller/base.rb:389:in `process'
    /opt/local/lib/ruby/gems/1.8/gems/actionpack-2.1.1/lib/action_controller/dispatcher.rb:149:in `handle_request'
    /opt/local/lib/ruby/gems/1.8/gems/actionpack-2.1.1/lib/action_controller/dispatcher.rb:107:in `dispatch'
    /opt/local/lib/ruby/gems/1.8/gems/actionpack-2.1.1/lib/action_controller/dispatcher.rb:104:in `synchronize'
    /opt/local/lib/ruby/gems/1.8/gems/actionpack-2.1.1/lib/action_controller/dispatcher.rb:104:in `dispatch'
    /opt/local/lib/ruby/gems/1.8/gems/actionpack-2.1.1/lib/action_controller/dispatcher.rb:120:in `dispatch_cgi'
    /opt/local/lib/ruby/gems/1.8/gems/actionpack-2.1.1/lib/action_controller/dispatcher.rb:35:in `dispatch'
    /opt/local/lib/ruby/gems/1.8/gems/mongrel-1.1.5/bin/../lib/mongrel/rails.rb:76:in `process'
    /opt/local/lib/ruby/gems/1.8/gems/mongrel-1.1.5/bin/../lib/mongrel/rails.rb:74:in `synchronize'
    /opt/local/lib/ruby/gems/1.8/gems/mongrel-1.1.5/bin/../lib/mongrel/rails.rb:74:in `process'
    /opt/local/lib/ruby/gems/1.8/gems/mongrel-1.1.5/bin/../lib/mongrel.rb:159:in `process_client'
    /opt/local/lib/ruby/gems/1.8/gems/mongrel-1.1.5/bin/../lib/mongrel.rb:158:in `each'
    /opt/local/lib/ruby/gems/1.8/gems/mongrel-1.1.5/bin/../lib/mongrel.rb:158:in `process_client'
    /opt/local/lib/ruby/gems/1.8/gems/mongrel-1.1.5/bin/../lib/mongrel.rb:285:in `run'
    /opt/local/lib/ruby/gems/1.8/gems/mongrel-1.1.5/bin/../lib/mongrel.rb:285:in `initialize'
    /opt/local/lib/ruby/gems/1.8/gems/mongrel-1.1.5/bin/../lib/mongrel.rb:285:in `new'
    /opt/local/lib/ruby/gems/1.8/gems/mongrel-1.1.5/bin/../lib/mongrel.rb:285:in `run'
    /opt/local/lib/ruby/gems/1.8/gems/mongrel-1.1.5/bin/../lib/mongrel.rb:268:in `initialize'
    /opt/local/lib/ruby/gems/1.8/gems/mongrel-1.1.5/bin/../lib/mongrel.rb:268:in `new'
    /opt/local/lib/ruby/gems/1.8/gems/mongrel-1.1.5/bin/../lib/mongrel.rb:268:in `run'
    /opt/local/lib/ruby/gems/1.8/gems/mongrel-1.1.5/bin/../lib/mongrel/configurator.rb:282:in `run'
    /opt/local/lib/ruby/gems/1.8/gems/mongrel-1.1.5/bin/../lib/mongrel/configurator.rb:281:in `each'
    /opt/local/lib/ruby/gems/1.8/gems/mongrel-1.1.5/bin/../lib/mongrel/configurator.rb:281:in `run'
    /opt/local/lib/ruby/gems/1.8/gems/mongrel-1.1.5/bin/mongrel_rails:128:in `run'
    /opt/local/lib/ruby/gems/1.8/gems/mongrel-1.1.5/bin/../lib/mongrel/command.rb:212:in `run'
    /opt/local/lib/ruby/gems/1.8/gems/mongrel-1.1.5/bin/mongrel_rails:281
    /opt/local/bin/mongrel_rails:19:in `load'
    /opt/local/bin/mongrel_rails:19

Rendering /opt/local/lib/ruby/gems/1.8/gems/actionpack-2.1.1/lib/action_controller/templates/rescues/layout.erb (internal_server_error)


Processing GroupsController#create (for 127.0.0.1 at 2008-10-22 20:14:23) [POST]
  Session ID: BAh7BzoMY3NyZl9pZCIlZjk2YzA5ZTY1Y2YyMzQ3NzE1OGZhOTA2MjdjZTQ5
NWIiCmZsYXNoSUM6J0FjdGlvbkNvbnRyb2xsZXI6OkZsYXNoOjpGbGFzaEhh
c2h7AAY6CkB1c2VkewA=--958d533a7ef098eab139e1f8483a6ac6f1c3a900
  Parameters: {"commit"=>"Create Group", "authenticity_token"=>"6ed5bbe0b282d57c23a8f1569caba84d4cbfcfa0", "action"=>"create", "controller"=>"groups", "group"=>{"name"=>"Hypernikon", "type"=>"publication", "description"=>"Hypernikon is Gordon College's annual yearbook. They work all year to capture campus life and the years events for all classes to enjoy. Our office is located in lower lane, next to the mail room. We can be contacted through mail (Box B), e mail (hypernikon@gordon.edu), or phone (x4308)", "active"=>"1"}}
WARNING: Can't mass-assign these protected attributes: type


NoMethodError (undefined method `new_url' for #<GroupsController:0x242f6d8>):
    /opt/local/lib/ruby/gems/1.8/gems/actionpack-2.1.1/lib/action_controller/polymorphic_routes.rb:105:in `send!'
    /opt/local/lib/ruby/gems/1.8/gems/actionpack-2.1.1/lib/action_controller/polymorphic_routes.rb:105:in `polymorphic_url'
    /opt/local/lib/ruby/gems/1.8/gems/actionpack-2.1.1/lib/action_controller/base.rb:624:in `url_for'
    /opt/local/lib/ruby/gems/1.8/gems/actionpack-2.1.1/lib/action_controller/base.rb:1073:in `redirect_to'
    /app/controllers/groups_controller.rb:20:in `create'
    /opt/local/lib/ruby/gems/1.8/gems/actionpack-2.1.1/lib/action_controller/base.rb:1166:in `send'
    /opt/local/lib/ruby/gems/1.8/gems/actionpack-2.1.1/lib/action_controller/base.rb:1166:in `perform_action_without_filters'
    /opt/local/lib/ruby/gems/1.8/gems/actionpack-2.1.1/lib/action_controller/filters.rb:579:in `call_filters'
    /opt/local/lib/ruby/gems/1.8/gems/actionpack-2.1.1/lib/action_controller/filters.rb:572:in `perform_action_without_benchmark'
    /opt/local/lib/ruby/gems/1.8/gems/actionpack-2.1.1/lib/action_controller/benchmarking.rb:68:in `perform_action_without_rescue'
    /opt/local/lib/ruby/1.8/benchmark.rb:293:in `measure'
    /opt/local/lib/ruby/gems/1.8/gems/actionpack-2.1.1/lib/action_controller/benchmarking.rb:68:in `perform_action_without_rescue'
    /opt/local/lib/ruby/gems/1.8/gems/actionpack-2.1.1/lib/action_controller/rescue.rb:201:in `perform_action_without_caching'
    /opt/local/lib/ruby/gems/1.8/gems/actionpack-2.1.1/lib/action_controller/caching/sql_cache.rb:13:in `perform_action'
    /opt/local/lib/ruby/gems/1.8/gems/activerecord-2.1.1/lib/active_record/connection_adapters/abstract/query_cache.rb:33:in `cache'
    /opt/local/lib/ruby/gems/1.8/gems/activerecord-2.1.1/lib/active_record/query_cache.rb:8:in `cache'
    /opt/local/lib/ruby/gems/1.8/gems/actionpack-2.1.1/lib/action_controller/caching/sql_cache.rb:12:in `perform_action'
    /opt/local/lib/ruby/gems/1.8/gems/actionpack-2.1.1/lib/action_controller/base.rb:529:in `send'
    /opt/local/lib/ruby/gems/1.8/gems/actionpack-2.1.1/lib/action_controller/base.rb:529:in `process_without_filters'
    /opt/local/lib/ruby/gems/1.8/gems/actionpack-2.1.1/lib/action_controller/filters.rb:568:in `process_without_session_management_support'
    /opt/local/lib/ruby/gems/1.8/gems/actionpack-2.1.1/lib/action_controller/session_management.rb:130:in `process'
    /opt/local/lib/ruby/gems/1.8/gems/actionpack-2.1.1/lib/action_controller/base.rb:389:in `process'
    /opt/local/lib/ruby/gems/1.8/gems/actionpack-2.1.1/lib/action_controller/dispatcher.rb:149:in `handle_request'
    /opt/local/lib/ruby/gems/1.8/gems/actionpack-2.1.1/lib/action_controller/dispatcher.rb:107:in `dispatch'
    /opt/local/lib/ruby/gems/1.8/gems/actionpack-2.1.1/lib/action_controller/dispatcher.rb:104:in `synchronize'
    /opt/local/lib/ruby/gems/1.8/gems/actionpack-2.1.1/lib/action_controller/dispatcher.rb:104:in `dispatch'
    /opt/local/lib/ruby/gems/1.8/gems/actionpack-2.1.1/lib/action_controller/dispatcher.rb:120:in `dispatch_cgi'
    /opt/local/lib/ruby/gems/1.8/gems/actionpack-2.1.1/lib/action_controller/dispatcher.rb:35:in `dispatch'
    /opt/local/lib/ruby/gems/1.8/gems/mongrel-1.1.5/bin/../lib/mongrel/rails.rb:76:in `process'
    /opt/local/lib/ruby/gems/1.8/gems/mongrel-1.1.5/bin/../lib/mongrel/rails.rb:74:in `synchronize'
    /opt/local/lib/ruby/gems/1.8/gems/mongrel-1.1.5/bin/../lib/mongrel/rails.rb:74:in `process'
    /opt/local/lib/ruby/gems/1.8/gems/mongrel-1.1.5/bin/../lib/mongrel.rb:159:in `process_client'
    /opt/local/lib/ruby/gems/1.8/gems/mongrel-1.1.5/bin/../lib/mongrel.rb:158:in `each'
    /opt/local/lib/ruby/gems/1.8/gems/mongrel-1.1.5/bin/../lib/mongrel.rb:158:in `process_client'
    /opt/local/lib/ruby/gems/1.8/gems/mongrel-1.1.5/bin/../lib/mongrel.rb:285:in `run'
    /opt/local/lib/ruby/gems/1.8/gems/mongrel-1.1.5/bin/../lib/mongrel.rb:285:in `initialize'
    /opt/local/lib/ruby/gems/1.8/gems/mongrel-1.1.5/bin/../lib/mongrel.rb:285:in `new'
    /opt/local/lib/ruby/gems/1.8/gems/mongrel-1.1.5/bin/../lib/mongrel.rb:285:in `run'
    /opt/local/lib/ruby/gems/1.8/gems/mongrel-1.1.5/bin/../lib/mongrel.rb:268:in `initialize'
    /opt/local/lib/ruby/gems/1.8/gems/mongrel-1.1.5/bin/../lib/mongrel.rb:268:in `new'
    /opt/local/lib/ruby/gems/1.8/gems/mongrel-1.1.5/bin/../lib/mongrel.rb:268:in `run'
    /opt/local/lib/ruby/gems/1.8/gems/mongrel-1.1.5/bin/../lib/mongrel/configurator.rb:282:in `run'
    /opt/local/lib/ruby/gems/1.8/gems/mongrel-1.1.5/bin/../lib/mongrel/configurator.rb:281:in `each'
    /opt/local/lib/ruby/gems/1.8/gems/mongrel-1.1.5/bin/../lib/mongrel/configurator.rb:281:in `run'
    /opt/local/lib/ruby/gems/1.8/gems/mongrel-1.1.5/bin/mongrel_rails:128:in `run'
    /opt/local/lib/ruby/gems/1.8/gems/mongrel-1.1.5/bin/../lib/mongrel/command.rb:212:in `run'
    /opt/local/lib/ruby/gems/1.8/gems/mongrel-1.1.5/bin/mongrel_rails:281
    /opt/local/bin/mongrel_rails:19:in `load'
    /opt/local/bin/mongrel_rails:19

Rendering /opt/local/lib/ruby/gems/1.8/gems/actionpack-2.1.1/lib/action_controller/templates/rescues/layout.erb (internal_server_error)


Processing GroupsController#create (for 127.0.0.1 at 2008-10-22 20:14:34) [POST]
  Session ID: BAh7BzoMY3NyZl9pZCIlZjk2YzA5ZTY1Y2YyMzQ3NzE1OGZhOTA2MjdjZTQ5
NWIiCmZsYXNoSUM6J0FjdGlvbkNvbnRyb2xsZXI6OkZsYXNoOjpGbGFzaEhh
c2h7AAY6CkB1c2VkewA=--958d533a7ef098eab139e1f8483a6ac6f1c3a900
  Parameters: {"commit"=>"Create Group", "authenticity_token"=>"6ed5bbe0b282d57c23a8f1569caba84d4cbfcfa0", "action"=>"create", "controller"=>"groups", "group"=>{"name"=>"Hypernikon", "type"=>"publication", "description"=>"Hypernikon is Gordon College's annual yearbook. They work all year to capture campus life and the years events for all classes to enjoy. Our office is located in lower lane, next to the mail room. We can be contacted through mail (Box B), e mail (hypernikon@gordon.edu), or phone (x4308)", "active"=>"1"}}
WARNING: Can't mass-assign these protected attributes: type
Redirected to http://localhost:3000/groups/new
Completed in 0.00829 (120 reqs/sec) | DB: 0.00000 (0%) | 302 Found [http://localhost/groups]


Processing GroupsController#new (for 127.0.0.1 at 2008-10-22 20:14:34) [GET]
  Session ID: BAh7BzoMY3NyZl9pZCIlZjk2YzA5ZTY1Y2YyMzQ3NzE1OGZhOTA2MjdjZTQ5
NWIiCmZsYXNoSUM6J0FjdGlvbkNvbnRyb2xsZXI6OkZsYXNoOjpGbGFzaEhh
c2h7AAY6CkB1c2VkewA=--958d533a7ef098eab139e1f8483a6ac6f1c3a900
  Parameters: {"action"=>"new", "controller"=>"groups"}
Rendering groups/new
Completed in 0.00906 (110 reqs/sec) | Rendering: 0.00282 (31%) | DB: 0.00000 (0%) | 200 OK [http://localhost/groups/new]


Processing GroupsController#new (for 127.0.0.1 at 2008-10-22 20:15:03) [GET]
  Session ID: BAh7BzoMY3NyZl9pZCIlZjk2YzA5ZTY1Y2YyMzQ3NzE1OGZhOTA2MjdjZTQ5
NWIiCmZsYXNoSUM6J0FjdGlvbkNvbnRyb2xsZXI6OkZsYXNoOjpGbGFzaEhh
c2h7AAY6CkB1c2VkewA=--958d533a7ef098eab139e1f8483a6ac6f1c3a900
  Parameters: {"action"=>"new", "controller"=>"groups"}
Rendering groups/new
Completed in 0.01008 (99 reqs/sec) | Rendering: 0.00293 (29%) | DB: 0.00000 (0%) | 200 OK [http://localhost/groups/new]


Processing GroupsController#create (for 127.0.0.1 at 2008-10-22 20:15:09) [POST]
  Session ID: BAh7BzoMY3NyZl9pZCIlZjk2YzA5ZTY1Y2YyMzQ3NzE1OGZhOTA2MjdjZTQ5
NWIiCmZsYXNoSUM6J0FjdGlvbkNvbnRyb2xsZXI6OkZsYXNoOjpGbGFzaEhh
c2h7AAY6CkB1c2VkewA=--958d533a7ef098eab139e1f8483a6ac6f1c3a900
  Parameters: {"commit"=>"Create Group", "authenticity_token"=>"6ed5bbe0b282d57c23a8f1569caba84d4cbfcfa0", "action"=>"create", "controller"=>"groups", "group"=>{"name"=>"Hypernikon", "type"=>"publication", "description"=>"Hypernikon is Gordon College's annual yearbook. They work all year to capture campus life and the years events for all classes to enjoy. Our office is located in lower lane, next to the mail room. We can be contacted through mail (Box B), e mail (hypernikon@gordon.edu), or phone (x4308)", "active"=>"1"}}
WARNING: Can't mass-assign these protected attributes: type
Rendering groups/new
Completed in 0.01044 (95 reqs/sec) | Rendering: 0.00207 (19%) | DB: 0.00000 (0%) | 200 OK [http://localhost/groups]


Processing GroupsController#create (for 127.0.0.1 at 2008-10-22 20:16:17) [POST]
  Session ID: BAh7BzoMY3NyZl9pZCIlZjk2YzA5ZTY1Y2YyMzQ3NzE1OGZhOTA2MjdjZTQ5
NWIiCmZsYXNoSUM6J0FjdGlvbkNvbnRyb2xsZXI6OkZsYXNoOjpGbGFzaEhh
c2h7AAY6CkB1c2VkewA=--958d533a7ef098eab139e1f8483a6ac6f1c3a900
  Parameters: {"commit"=>"Create Group", "authenticity_token"=>"6ed5bbe0b282d57c23a8f1569caba84d4cbfcfa0", "action"=>"create", "controller"=>"groups", "group"=>{"name"=>"Hypernikon", "type"=>"publication", "description"=>"Hypernikon is Gordon College's annual yearbook. They work all year to capture campus life and the years events for all classes to enjoy. Our office is located in lower lane, next to the mail room. We can be contacted through mail (Box B), e mail (hypernikon@gordon.edu), or phone (x4308)", "active"=>"1"}}
WARNING: Can't mass-assign these protected attributes: type
Rendering groups/new
Completed in 0.01052 (95 reqs/sec) | Rendering: 0.00263 (25%) | DB: 0.00000 (0%) | 200 OK [http://localhost/groups]
  [4;36;1mGroup Create (0.000630)[0m   [0;1mINSERT INTO "groups" ("name", "updated_at", "type", "description", "active", "created_at") VALUES('Hypernikon', '2008-10-23 00:18:18', 'publication', 'Hypernikon is Gordon College''s annual yearbook. They work all year to capture campus life and the years events for all classes to enjoy. Our office is located in lower lane, next to the mail room. We can be contacted through mail (Box B), e mail (hypernikon@gordon.edu), or phone (x4308)', 't', '2008-10-23 00:18:18')[0m


Processing GroupsController#index (for 127.0.0.1 at 2008-10-22 20:18:24) [GET]
  Session ID: BAh7BzoMY3NyZl9pZCIlZjk2YzA5ZTY1Y2YyMzQ3NzE1OGZhOTA2MjdjZTQ5
NWIiCmZsYXNoSUM6J0FjdGlvbkNvbnRyb2xsZXI6OkZsYXNoOjpGbGFzaEhh
c2h7AAY6CkB1c2VkewA=--958d533a7ef098eab139e1f8483a6ac6f1c3a900
  Parameters: {"action"=>"index", "controller"=>"groups"}
  [4;36;1mGroup Load (0.000537)[0m   [0;1mSELECT * FROM "groups" [0m


ActiveRecord::SubclassNotFound (The single-table inheritance mechanism failed to locate the subclass: 'publication'. This error is raised because the column 'type' is reserved for storing the class in case of inheritance. Please rename this column if you didn't intend it to be used for storing the inheritance class or overwrite Group.inheritance_column to use another column for that information.):
    /opt/local/lib/ruby/gems/1.8/gems/activerecord-2.1.1/lib/active_record/base.rb:1434:in `instantiate'
    /opt/local/lib/ruby/gems/1.8/gems/activerecord-2.1.1/lib/active_record/base.rb:586:in `find_by_sql'
    /opt/local/lib/ruby/gems/1.8/gems/activerecord-2.1.1/lib/active_record/base.rb:586:in `collect!'
    /opt/local/lib/ruby/gems/1.8/gems/activerecord-2.1.1/lib/active_record/base.rb:586:in `find_by_sql'
    /opt/local/lib/ruby/gems/1.8/gems/activerecord-2.1.1/lib/active_record/base.rb:1345:in `find_every'
    /opt/local/lib/ruby/gems/1.8/gems/activerecord-2.1.1/lib/active_record/base.rb:540:in `find'
    /opt/local/lib/ruby/gems/1.8/gems/activerecord-2.1.1/lib/active_record/base.rb:560:in `all'
    /app/controllers/groups_controller.rb:3:in `index'
    /opt/local/lib/ruby/gems/1.8/gems/actionpack-2.1.1/lib/action_controller/base.rb:1166:in `send'
    /opt/local/lib/ruby/gems/1.8/gems/actionpack-2.1.1/lib/action_controller/base.rb:1166:in `perform_action_without_filters'
    /opt/local/lib/ruby/gems/1.8/gems/actionpack-2.1.1/lib/action_controller/filters.rb:579:in `call_filters'
    /opt/local/lib/ruby/gems/1.8/gems/actionpack-2.1.1/lib/action_controller/filters.rb:572:in `perform_action_without_benchmark'
    /opt/local/lib/ruby/gems/1.8/gems/actionpack-2.1.1/lib/action_controller/benchmarking.rb:68:in `perform_action_without_rescue'
    /opt/local/lib/ruby/1.8/benchmark.rb:293:in `measure'
    /opt/local/lib/ruby/gems/1.8/gems/actionpack-2.1.1/lib/action_controller/benchmarking.rb:68:in `perform_action_without_rescue'
    /opt/local/lib/ruby/gems/1.8/gems/actionpack-2.1.1/lib/action_controller/rescue.rb:201:in `perform_action_without_caching'
    /opt/local/lib/ruby/gems/1.8/gems/actionpack-2.1.1/lib/action_controller/caching/sql_cache.rb:13:in `perform_action'
    /opt/local/lib/ruby/gems/1.8/gems/activerecord-2.1.1/lib/active_record/connection_adapters/abstract/query_cache.rb:33:in `cache'
    /opt/local/lib/ruby/gems/1.8/gems/activerecord-2.1.1/lib/active_record/query_cache.rb:8:in `cache'
    /opt/local/lib/ruby/gems/1.8/gems/actionpack-2.1.1/lib/action_controller/caching/sql_cache.rb:12:in `perform_action'
    /opt/local/lib/ruby/gems/1.8/gems/actionpack-2.1.1/lib/action_controller/base.rb:529:in `send'
    /opt/local/lib/ruby/gems/1.8/gems/actionpack-2.1.1/lib/action_controller/base.rb:529:in `process_without_filters'
    /opt/local/lib/ruby/gems/1.8/gems/actionpack-2.1.1/lib/action_controller/filters.rb:568:in `process_without_session_management_support'
    /opt/local/lib/ruby/gems/1.8/gems/actionpack-2.1.1/lib/action_controller/session_management.rb:130:in `process'
    /opt/local/lib/ruby/gems/1.8/gems/actionpack-2.1.1/lib/action_controller/base.rb:389:in `process'
    /opt/local/lib/ruby/gems/1.8/gems/actionpack-2.1.1/lib/action_controller/dispatcher.rb:149:in `handle_request'
    /opt/local/lib/ruby/gems/1.8/gems/actionpack-2.1.1/lib/action_controller/dispatcher.rb:107:in `dispatch'
    /opt/local/lib/ruby/gems/1.8/gems/actionpack-2.1.1/lib/action_controller/dispatcher.rb:104:in `synchronize'
    /opt/local/lib/ruby/gems/1.8/gems/actionpack-2.1.1/lib/action_controller/dispatcher.rb:104:in `dispatch'
    /opt/local/lib/ruby/gems/1.8/gems/actionpack-2.1.1/lib/action_controller/dispatcher.rb:120:in `dispatch_cgi'
    /opt/local/lib/ruby/gems/1.8/gems/actionpack-2.1.1/lib/action_controller/dispatcher.rb:35:in `dispatch'
    /opt/local/lib/ruby/gems/1.8/gems/mongrel-1.1.5/bin/../lib/mongrel/rails.rb:76:in `process'
    /opt/local/lib/ruby/gems/1.8/gems/mongrel-1.1.5/bin/../lib/mongrel/rails.rb:74:in `synchronize'
    /opt/local/lib/ruby/gems/1.8/gems/mongrel-1.1.5/bin/../lib/mongrel/rails.rb:74:in `process'
    /opt/local/lib/ruby/gems/1.8/gems/mongrel-1.1.5/bin/../lib/mongrel.rb:159:in `process_client'
    /opt/local/lib/ruby/gems/1.8/gems/mongrel-1.1.5/bin/../lib/mongrel.rb:158:in `each'
    /opt/local/lib/ruby/gems/1.8/gems/mongrel-1.1.5/bin/../lib/mongrel.rb:158:in `process_client'
    /opt/local/lib/ruby/gems/1.8/gems/mongrel-1.1.5/bin/../lib/mongrel.rb:285:in `run'
    /opt/local/lib/ruby/gems/1.8/gems/mongrel-1.1.5/bin/../lib/mongrel.rb:285:in `initialize'
    /opt/local/lib/ruby/gems/1.8/gems/mongrel-1.1.5/bin/../lib/mongrel.rb:285:in `new'
    /opt/local/lib/ruby/gems/1.8/gems/mongrel-1.1.5/bin/../lib/mongrel.rb:285:in `run'
    /opt/local/lib/ruby/gems/1.8/gems/mongrel-1.1.5/bin/../lib/mongrel.rb:268:in `initialize'
    /opt/local/lib/ruby/gems/1.8/gems/mongrel-1.1.5/bin/../lib/mongrel.rb:268:in `new'
    /opt/local/lib/ruby/gems/1.8/gems/mongrel-1.1.5/bin/../lib/mongrel.rb:268:in `run'
    /opt/local/lib/ruby/gems/1.8/gems/mongrel-1.1.5/bin/../lib/mongrel/configurator.rb:282:in `run'
    /opt/local/lib/ruby/gems/1.8/gems/mongrel-1.1.5/bin/../lib/mongrel/configurator.rb:281:in `each'
    /opt/local/lib/ruby/gems/1.8/gems/mongrel-1.1.5/bin/../lib/mongrel/configurator.rb:281:in `run'
    /opt/local/lib/ruby/gems/1.8/gems/mongrel-1.1.5/bin/mongrel_rails:128:in `run'
    /opt/local/lib/ruby/gems/1.8/gems/mongrel-1.1.5/bin/../lib/mongrel/command.rb:212:in `run'
    /opt/local/lib/ruby/gems/1.8/gems/mongrel-1.1.5/bin/mongrel_rails:281
    /opt/local/bin/mongrel_rails:19:in `load'
    /opt/local/bin/mongrel_rails:19

Rendering /opt/local/lib/ruby/gems/1.8/gems/actionpack-2.1.1/lib/action_controller/templates/rescues/layout.erb (internal_server_error)
  [4;36;1mSQL (0.000548)[0m   [0;1m SELECT name
 FROM sqlite_master
 WHERE type = 'table' AND NOT name = 'sqlite_sequence'
[0m
  [4;35;1mSQL (0.000150)[0m   [0mSELECT version FROM schema_migrations[0m
  [4;36;1mSQL (0.000197)[0m   [0;1m SELECT name
 FROM sqlite_master
 WHERE type = 'table' AND NOT name = 'sqlite_sequence'
[0m
  [4;35;1mSQL (0.000232)[0m   [0mSELECT version FROM schema_migrations[0m
Migrating to CreateCategories (20081022234013)
  [4;36;1mSQL (0.002775)[0m   [0;1mDROP TABLE "categories"[0m
  [4;35;1mSQL (0.002109)[0m   [0mDROP TABLE "categories_groups"[0m
  [4;36;1mSQL (0.002017)[0m   [0;1mDELETE FROM schema_migrations WHERE version = '20081022234013'[0m
Migrating to CreateGroups (20081022233650)
  [4;35;1mSQL (0.002832)[0m   [0mDROP TABLE "groups"[0m
  [4;36;1mSQL (0.002284)[0m   [0;1mDELETE FROM schema_migrations WHERE version = '20081022233650'[0m
  [4;35;1mSQL (0.000211)[0m   [0mselect sqlite_version(*)[0m
  [4;36;1mSQL (0.000243)[0m   [0;1m SELECT name
 FROM sqlite_master
 WHERE type = 'table' AND NOT name = 'sqlite_sequence'
[0m
  [4;35;1mSQL (0.000125)[0m   [0mSELECT version FROM schema_migrations[0m
  [4;36;1mSQL (0.000280)[0m   [0;1m SELECT name
 FROM sqlite_master
 WHERE type = 'table' AND NOT name = 'sqlite_sequence'
[0m
  [4;36;1mSQL (0.000433)[0m   [0;1m SELECT name
 FROM sqlite_master
 WHERE type = 'table' AND NOT name = 'sqlite_sequence'
[0m
  [4;35;1mSQL (0.000138)[0m   [0mSELECT version FROM schema_migrations[0m
Migrating to CreateGroups (20081022233650)
  [4;36;1mSQL (0.000110)[0m   [0;1mselect sqlite_version(*)[0m
  [4;35;1mSQL (0.002756)[0m   [0mCREATE TABLE "groups" ("id" INTEGER PRIMARY KEY AUTOINCREMENT NOT NULL, "name" varchar(255), "description" text, "kind" varchar(255), "active" boolean, "created_at" datetime, "updated_at" datetime) [0m
  [4;36;1mSQL (0.001876)[0m   [0;1mINSERT INTO schema_migrations (version) VALUES ('20081022233650')[0m
Migrating to CreateCategories (20081022234013)
  [4;35;1mSQL (0.001832)[0m   [0mCREATE TABLE "categories" ("id" INTEGER PRIMARY KEY AUTOINCREMENT NOT NULL, "name" varchar(255), "created_at" datetime, "updated_at" datetime) [0m
  [4;36;1mSQL (0.002833)[0m   [0;1mCREATE TABLE "categories_groups" ("id" INTEGER PRIMARY KEY AUTOINCREMENT NOT NULL, "category_id" integer, "group_id" integer) [0m
  [4;35;1mSQL (0.001520)[0m   [0mINSERT INTO schema_migrations (version) VALUES ('20081022234013')[0m
  [4;36;1mSQL (0.000351)[0m   [0;1m SELECT name
 FROM sqlite_master
 WHERE type = 'table' AND NOT name = 'sqlite_sequence'
[0m
  [4;35;1mSQL (0.000199)[0m   [0mSELECT version FROM schema_migrations[0m
  [4;36;1mSQL (0.000297)[0m   [0;1m SELECT name
 FROM sqlite_master
 WHERE type = 'table' AND NOT name = 'sqlite_sequence'
[0m
  [4;35;1mSQL (0.000114)[0m   [0mPRAGMA index_list("categories")[0m
  [4;36;1mSQL (0.000051)[0m   [0;1mPRAGMA index_list("categories_groups")[0m
  [4;35;1mSQL (0.000054)[0m   [0mPRAGMA index_list("groups")[0m


Processing GroupsController#index (for 127.0.0.1 at 2008-10-22 20:21:06) [GET]
  Session ID: BAh7BzoMY3NyZl9pZCIlZjk2YzA5ZTY1Y2YyMzQ3NzE1OGZhOTA2MjdjZTQ5
NWIiCmZsYXNoSUM6J0FjdGlvbkNvbnRyb2xsZXI6OkZsYXNoOjpGbGFzaEhh
c2h7AAY6CkB1c2VkewA=--958d533a7ef098eab139e1f8483a6ac6f1c3a900
  Parameters: {"action"=>"index", "controller"=>"groups"}
  [4;35;1mGroup Load (0.000415)[0m   [0mSELECT * FROM "groups" [0m
Rendering groups/index
Completed in 0.00707 (141 reqs/sec) | Rendering: 0.00056 (7%) | DB: 0.00042 (5%) | 200 OK [http://localhost/groups]


Processing GroupsController#new (for 127.0.0.1 at 2008-10-22 20:21:10) [GET]
  Session ID: BAh7BzoMY3NyZl9pZCIlZjk2YzA5ZTY1Y2YyMzQ3NzE1OGZhOTA2MjdjZTQ5
NWIiCmZsYXNoSUM6J0FjdGlvbkNvbnRyb2xsZXI6OkZsYXNoOjpGbGFzaEhh
c2h7AAY6CkB1c2VkewA=--958d533a7ef098eab139e1f8483a6ac6f1c3a900
  Parameters: {"action"=>"new", "controller"=>"groups"}
Rendering groups/new


ActionView::TemplateError (wrong argument type String (expected Module)) on line #6 of groups/new.html.erb:
3: <%= f.error_messages %>
4: <%= f.label :name %>: <%= f.text_field :name %><br/>
5: <%= f.label :description %>:<br/><%= f.text_area :description %><br/>
6: <%= f.label :type %>: <%= f.collection_select :type, ["club", "council", "cabinet", "publication"], :to_s, :to_s %><br/>
7: <%= f.label :active %>: <%= f.check_box :active, {:checked => true} %><br/>
8: <%= f.submit 'Create Group' %>
9: <% end %>

    /opt/local/lib/ruby/gems/1.8/gems/actionpack-2.1.1/lib/action_view/helpers/form_options_helper.rb:336:in `include?'
    /opt/local/lib/ruby/gems/1.8/gems/actionpack-2.1.1/lib/action_view/helpers/form_options_helper.rb:336:in `option_value_selected?'
    /opt/local/lib/ruby/gems/1.8/gems/actionpack-2.1.1/lib/action_view/helpers/form_options_helper.rb:197:in `options_for_select'
    /opt/local/lib/ruby/gems/1.8/gems/actionpack-2.1.1/lib/action_view/helpers/form_helper.rb:621:in `inject'
    /opt/local/lib/ruby/gems/1.8/gems/actionpack-2.1.1/lib/action_view/helpers/form_options_helper.rb:195:in `each'
    /opt/local/lib/ruby/gems/1.8/gems/actionpack-2.1.1/lib/action_view/helpers/form_options_helper.rb:195:in `inject'
    /opt/local/lib/ruby/gems/1.8/gems/actionpack-2.1.1/lib/action_view/helpers/form_options_helper.rb:195:in `options_for_select'
    /opt/local/lib/ruby/gems/1.8/gems/actionpack-2.1.1/lib/action_view/helpers/form_options_helper.rb:217:in `options_from_collection_for_select'
    /opt/local/lib/ruby/gems/1.8/gems/actionpack-2.1.1/lib/action_view/helpers/form_options_helper.rb:398:in `to_collection_select_tag'
    /opt/local/lib/ruby/gems/1.8/gems/actionpack-2.1.1/lib/action_view/helpers/form_options_helper.rb:133:in `collection_select'
    /opt/local/lib/ruby/gems/1.8/gems/actionpack-2.1.1/lib/action_view/helpers/form_options_helper.rb:445:in `collection_select'
    app/views/groups/new.html.erb:6:in `_run_erb_47app47views47groups47new46html46erb'
    /opt/local/lib/ruby/gems/1.8/gems/actionpack-2.1.1/lib/action_view/helpers/form_helper.rb:317:in `fields_for'
    /opt/local/lib/ruby/gems/1.8/gems/actionpack-2.1.1/lib/action_view/helpers/form_helper.rb:253:in `form_for'
    app/views/groups/new.html.erb:2:in `_run_erb_47app47views47groups47new46html46erb'
    /opt/local/lib/ruby/gems/1.8/gems/actionpack-2.1.1/lib/action_view/base.rb:342:in `send'
    /opt/local/lib/ruby/gems/1.8/gems/actionpack-2.1.1/lib/action_view/base.rb:342:in `execute'
    /opt/local/lib/ruby/gems/1.8/gems/actionpack-2.1.1/lib/action_view/template_handlers/compilable.rb:29:in `send'
    /opt/local/lib/ruby/gems/1.8/gems/actionpack-2.1.1/lib/action_view/template_handlers/compilable.rb:29:in `render'
    /opt/local/lib/ruby/gems/1.8/gems/actionpack-2.1.1/lib/action_view/template.rb:35:in `render'
    /opt/local/lib/ruby/gems/1.8/gems/actionpack-2.1.1/lib/action_view/template.rb:22:in `render_template'
    /opt/local/lib/ruby/gems/1.8/gems/actionpack-2.1.1/lib/action_view/base.rb:248:in `render_file'
    /opt/local/lib/ruby/gems/1.8/gems/actionpack-2.1.1/lib/action_controller/base.rb:1112:in `render_for_file'
    /opt/local/lib/ruby/gems/1.8/gems/actionpack-2.1.1/lib/action_controller/base.rb:845:in `render_with_no_layout'
    /opt/local/lib/ruby/gems/1.8/gems/actionpack-2.1.1/lib/action_controller/layout.rb:259:in `render_without_benchmark'
    /opt/local/lib/ruby/gems/1.8/gems/actionpack-2.1.1/lib/action_controller/benchmarking.rb:51:in `render'
    /opt/local/lib/ruby/gems/1.8/gems/activesupport-2.1.1/lib/active_support/core_ext/benchmark.rb:8:in `realtime'
    /opt/local/lib/ruby/gems/1.8/gems/actionpack-2.1.1/lib/action_controller/benchmarking.rb:51:in `render'
    /opt/local/lib/ruby/gems/1.8/gems/actionpack-2.1.1/lib/action_controller/base.rb:1161:in `default_render'
    /opt/local/lib/ruby/gems/1.8/gems/actionpack-2.1.1/lib/action_controller/base.rb:1167:in `perform_action_without_filters'
    /opt/local/lib/ruby/gems/1.8/gems/actionpack-2.1.1/lib/action_controller/filters.rb:579:in `call_filters'
    /opt/local/lib/ruby/gems/1.8/gems/actionpack-2.1.1/lib/action_controller/filters.rb:572:in `perform_action_without_benchmark'
    /opt/local/lib/ruby/gems/1.8/gems/actionpack-2.1.1/lib/action_controller/benchmarking.rb:68:in `perform_action_without_rescue'
    /opt/local/lib/ruby/1.8/benchmark.rb:293:in `measure'
    /opt/local/lib/ruby/gems/1.8/gems/actionpack-2.1.1/lib/action_controller/benchmarking.rb:68:in `perform_action_without_rescue'
    /opt/local/lib/ruby/gems/1.8/gems/actionpack-2.1.1/lib/action_controller/rescue.rb:201:in `perform_action_without_caching'
    /opt/local/lib/ruby/gems/1.8/gems/actionpack-2.1.1/lib/action_controller/caching/sql_cache.rb:13:in `perform_action'
    /opt/local/lib/ruby/gems/1.8/gems/activerecord-2.1.1/lib/active_record/connection_adapters/abstract/query_cache.rb:33:in `cache'
    /opt/local/lib/ruby/gems/1.8/gems/activerecord-2.1.1/lib/active_record/query_cache.rb:8:in `cache'
    /opt/local/lib/ruby/gems/1.8/gems/actionpack-2.1.1/lib/action_controller/caching/sql_cache.rb:12:in `perform_action'
    /opt/local/lib/ruby/gems/1.8/gems/actionpack-2.1.1/lib/action_controller/base.rb:529:in `send'
    /opt/local/lib/ruby/gems/1.8/gems/actionpack-2.1.1/lib/action_controller/base.rb:529:in `process_without_filters'
    /opt/local/lib/ruby/gems/1.8/gems/actionpack-2.1.1/lib/action_controller/filters.rb:568:in `process_without_session_management_support'
    /opt/local/lib/ruby/gems/1.8/gems/actionpack-2.1.1/lib/action_controller/session_management.rb:130:in `process'
    /opt/local/lib/ruby/gems/1.8/gems/actionpack-2.1.1/lib/action_controller/base.rb:389:in `process'
    /opt/local/lib/ruby/gems/1.8/gems/actionpack-2.1.1/lib/action_controller/dispatcher.rb:149:in `handle_request'
    /opt/local/lib/ruby/gems/1.8/gems/actionpack-2.1.1/lib/action_controller/dispatcher.rb:107:in `dispatch'
    /opt/local/lib/ruby/gems/1.8/gems/actionpack-2.1.1/lib/action_controller/dispatcher.rb:104:in `synchronize'
    /opt/local/lib/ruby/gems/1.8/gems/actionpack-2.1.1/lib/action_controller/dispatcher.rb:104:in `dispatch'
    /opt/local/lib/ruby/gems/1.8/gems/actionpack-2.1.1/lib/action_controller/dispatcher.rb:120:in `dispatch_cgi'
    /opt/local/lib/ruby/gems/1.8/gems/actionpack-2.1.1/lib/action_controller/dispatcher.rb:35:in `dispatch'
    /opt/local/lib/ruby/gems/1.8/gems/mongrel-1.1.5/lib/mongrel/rails.rb:76:in `process'
    /opt/local/lib/ruby/gems/1.8/gems/mongrel-1.1.5/lib/mongrel/rails.rb:74:in `synchronize'
    /opt/local/lib/ruby/gems/1.8/gems/mongrel-1.1.5/lib/mongrel/rails.rb:74:in `process'
    /opt/local/lib/ruby/gems/1.8/gems/mongrel-1.1.5/lib/mongrel.rb:159:in `process_client'
    /opt/local/lib/ruby/gems/1.8/gems/mongrel-1.1.5/lib/mongrel.rb:158:in `each'
    /opt/local/lib/ruby/gems/1.8/gems/mongrel-1.1.5/lib/mongrel.rb:158:in `process_client'
    /opt/local/lib/ruby/gems/1.8/gems/mongrel-1.1.5/lib/mongrel.rb:285:in `run'
    /opt/local/lib/ruby/gems/1.8/gems/mongrel-1.1.5/lib/mongrel.rb:285:in `initialize'
    /opt/local/lib/ruby/gems/1.8/gems/mongrel-1.1.5/lib/mongrel.rb:285:in `new'
    /opt/local/lib/ruby/gems/1.8/gems/mongrel-1.1.5/lib/mongrel.rb:285:in `run'
    /opt/local/lib/ruby/gems/1.8/gems/mongrel-1.1.5/lib/mongrel.rb:268:in `initialize'
    /opt/local/lib/ruby/gems/1.8/gems/mongrel-1.1.5/lib/mongrel.rb:268:in `new'
    /opt/local/lib/ruby/gems/1.8/gems/mongrel-1.1.5/lib/mongrel.rb:268:in `run'
    /opt/local/lib/ruby/gems/1.8/gems/mongrel-1.1.5/lib/mongrel/configurator.rb:282:in `run'
    /opt/local/lib/ruby/gems/1.8/gems/mongrel-1.1.5/lib/mongrel/configurator.rb:281:in `each'
    /opt/local/lib/ruby/gems/1.8/gems/mongrel-1.1.5/lib/mongrel/configurator.rb:281:in `run'
    /opt/local/lib/ruby/gems/1.8/gems/mongrel-1.1.5/bin/mongrel_rails:128:in `run'
    /opt/local/lib/ruby/gems/1.8/gems/mongrel-1.1.5/lib/mongrel/command.rb:212:in `run'
    /opt/local/lib/ruby/gems/1.8/gems/mongrel-1.1.5/bin/mongrel_rails:281
    /opt/local/bin/mongrel_rails:19:in `load'
    /opt/local/bin/mongrel_rails:19

Rendering /opt/local/lib/ruby/gems/1.8/gems/actionpack-2.1.1/lib/action_controller/templates/rescues/layout.erb (internal_server_error)


Processing GroupsController#new (for 127.0.0.1 at 2008-10-22 20:21:28) [GET]
  Session ID: BAh7BzoMY3NyZl9pZCIlZjk2YzA5ZTY1Y2YyMzQ3NzE1OGZhOTA2MjdjZTQ5
NWIiCmZsYXNoSUM6J0FjdGlvbkNvbnRyb2xsZXI6OkZsYXNoOjpGbGFzaEhh
c2h7AAY6CkB1c2VkewA=--958d533a7ef098eab139e1f8483a6ac6f1c3a900
  Parameters: {"action"=>"new", "controller"=>"groups"}
Rendering groups/new
Completed in 0.01042 (95 reqs/sec) | Rendering: 0.00364 (34%) | DB: 0.00000 (0%) | 200 OK [http://localhost/groups/new]


Processing GroupsController#create (for 127.0.0.1 at 2008-10-22 20:21:35) [POST]
  Session ID: BAh7BzoMY3NyZl9pZCIlZjk2YzA5ZTY1Y2YyMzQ3NzE1OGZhOTA2MjdjZTQ5
NWIiCmZsYXNoSUM6J0FjdGlvbkNvbnRyb2xsZXI6OkZsYXNoOjpGbGFzaEhh
c2h7AAY6CkB1c2VkewA=--958d533a7ef098eab139e1f8483a6ac6f1c3a900
  Parameters: {"commit"=>"Create Group", "authenticity_token"=>"6ed5bbe0b282d57c23a8f1569caba84d4cbfcfa0", "action"=>"create", "controller"=>"groups", "group"=>{"name"=>"Hypernikon", "kind"=>"publication", "description"=>"Hypernikon is Gordon College's annual yearbook. They work all year to capture campus life and the years events for all classes to enjoy. Our office is located in lower lane, next to the mail room. We can be contacted through mail (Box B), e mail (hypernikon@gordon.edu), or phone (x4308)", "active"=>"1"}}
  [4;36;1mGroup Create (0.000495)[0m   [0;1mINSERT INTO "groups" ("name", "updated_at", "kind", "description", "active", "created_at") VALUES('Hypernikon', '2008-10-23 00:21:35', 'publication', 'Hypernikon is Gordon College''s annual yearbook. They work all year to capture campus life and the years events for all classes to enjoy. Our office is located in lower lane, next to the mail room. We can be contacted through mail (Box B), e mail (hypernikon@gordon.edu), or phone (x4308)', 't', '2008-10-23 00:21:35')[0m
Redirected to http://localhost:3000/groups/1
Completed in 0.01156 (86 reqs/sec) | DB: 0.00049 (4%) | 302 Found [http://localhost/groups]


Processing GroupsController#show (for 127.0.0.1 at 2008-10-22 20:21:35) [GET]
  Session ID: BAh7BzoMY3NyZl9pZCIlZjk2YzA5ZTY1Y2YyMzQ3NzE1OGZhOTA2MjdjZTQ5
NWIiCmZsYXNoSUM6J0FjdGlvbkNvbnRyb2xsZXI6OkZsYXNoOjpGbGFzaEhh
c2h7BjoLbm90aWNlIiNQb3N0IHdhcyBzdWNjZXNzZnVsbHkgY3JlYXRlZC4G
OgpAdXNlZHsGOwdG--68fe5ef53be1d3a171dea5dcb40922a4eab56005
  Parameters: {"action"=>"show", "id"=>"1", "controller"=>"groups"}
Rendering groups/show
Completed in 0.00296 (337 reqs/sec) | Rendering: 0.00086 (29%) | DB: 0.00000 (0%) | 200 OK [http://localhost/groups/1]


Processing GroupsController#show (for 127.0.0.1 at 2008-10-22 20:23:42) [GET]
  Session ID: BAh7BzoMY3NyZl9pZCIlZjk2YzA5ZTY1Y2YyMzQ3NzE1OGZhOTA2MjdjZTQ5
NWIiCmZsYXNoSUM6J0FjdGlvbkNvbnRyb2xsZXI6OkZsYXNoOjpGbGFzaEhh
c2h7BjoLbm90aWNlIiNQb3N0IHdhcyBzdWNjZXNzZnVsbHkgY3JlYXRlZC4G
OgpAdXNlZHsGOwdU--9aee307311b4299e5c50f289d22571621c54a949
  Parameters: {"action"=>"show", "id"=>"1", "controller"=>"groups"}
Rendering groups/show


ActionView::TemplateError (You have a nil object when you didn't expect it!
The error occurred while evaluating nil.name) on line #1 of groups/show.html.erb:
1: <h1><%= @group.name %></h1>
2: 
3: <p>Type: <%= @group.type %> (<em><%= @group.active ? "Active" : "Inactive" %></em>)</p>
4: 

    app/views/groups/show.html.erb:1:in `_run_erb_47app47views47groups47show46html46erb'
    /opt/local/lib/ruby/gems/1.8/gems/actionpack-2.1.1/lib/action_view/base.rb:342:in `send'
    /opt/local/lib/ruby/gems/1.8/gems/actionpack-2.1.1/lib/action_view/base.rb:342:in `execute'
    /opt/local/lib/ruby/gems/1.8/gems/actionpack-2.1.1/lib/action_view/template_handlers/compilable.rb:29:in `send'
    /opt/local/lib/ruby/gems/1.8/gems/actionpack-2.1.1/lib/action_view/template_handlers/compilable.rb:29:in `render'
    /opt/local/lib/ruby/gems/1.8/gems/actionpack-2.1.1/lib/action_view/template.rb:35:in `render'
    /opt/local/lib/ruby/gems/1.8/gems/actionpack-2.1.1/lib/action_view/template.rb:22:in `render_template'
    /opt/local/lib/ruby/gems/1.8/gems/actionpack-2.1.1/lib/action_view/base.rb:248:in `render_file'
    /opt/local/lib/ruby/gems/1.8/gems/actionpack-2.1.1/lib/action_controller/base.rb:1112:in `render_for_file'
    /opt/local/lib/ruby/gems/1.8/gems/actionpack-2.1.1/lib/action_controller/base.rb:845:in `render_with_no_layout'
    /opt/local/lib/ruby/gems/1.8/gems/actionpack-2.1.1/lib/action_controller/layout.rb:259:in `render_without_benchmark'
    /opt/local/lib/ruby/gems/1.8/gems/actionpack-2.1.1/lib/action_controller/benchmarking.rb:51:in `render'
    /opt/local/lib/ruby/gems/1.8/gems/activesupport-2.1.1/lib/active_support/core_ext/benchmark.rb:8:in `realtime'
    /opt/local/lib/ruby/gems/1.8/gems/actionpack-2.1.1/lib/action_controller/benchmarking.rb:51:in `render'
    /opt/local/lib/ruby/gems/1.8/gems/actionpack-2.1.1/lib/action_controller/base.rb:1161:in `default_render'
    /opt/local/lib/ruby/gems/1.8/gems/actionpack-2.1.1/lib/action_controller/base.rb:1167:in `perform_action_without_filters'
    /opt/local/lib/ruby/gems/1.8/gems/actionpack-2.1.1/lib/action_controller/filters.rb:579:in `call_filters'
    /opt/local/lib/ruby/gems/1.8/gems/actionpack-2.1.1/lib/action_controller/filters.rb:572:in `perform_action_without_benchmark'
    /opt/local/lib/ruby/gems/1.8/gems/actionpack-2.1.1/lib/action_controller/benchmarking.rb:68:in `perform_action_without_rescue'
    /opt/local/lib/ruby/1.8/benchmark.rb:293:in `measure'
    /opt/local/lib/ruby/gems/1.8/gems/actionpack-2.1.1/lib/action_controller/benchmarking.rb:68:in `perform_action_without_rescue'
    /opt/local/lib/ruby/gems/1.8/gems/actionpack-2.1.1/lib/action_controller/rescue.rb:201:in `perform_action_without_caching'
    /opt/local/lib/ruby/gems/1.8/gems/actionpack-2.1.1/lib/action_controller/caching/sql_cache.rb:13:in `perform_action'
    /opt/local/lib/ruby/gems/1.8/gems/activerecord-2.1.1/lib/active_record/connection_adapters/abstract/query_cache.rb:33:in `cache'
    /opt/local/lib/ruby/gems/1.8/gems/activerecord-2.1.1/lib/active_record/query_cache.rb:8:in `cache'
    /opt/local/lib/ruby/gems/1.8/gems/actionpack-2.1.1/lib/action_controller/caching/sql_cache.rb:12:in `perform_action'
    /opt/local/lib/ruby/gems/1.8/gems/actionpack-2.1.1/lib/action_controller/base.rb:529:in `send'
    /opt/local/lib/ruby/gems/1.8/gems/actionpack-2.1.1/lib/action_controller/base.rb:529:in `process_without_filters'
    /opt/local/lib/ruby/gems/1.8/gems/actionpack-2.1.1/lib/action_controller/filters.rb:568:in `process_without_session_management_support'
    /opt/local/lib/ruby/gems/1.8/gems/actionpack-2.1.1/lib/action_controller/session_management.rb:130:in `process'
    /opt/local/lib/ruby/gems/1.8/gems/actionpack-2.1.1/lib/action_controller/base.rb:389:in `process'
    /opt/local/lib/ruby/gems/1.8/gems/actionpack-2.1.1/lib/action_controller/dispatcher.rb:149:in `handle_request'
    /opt/local/lib/ruby/gems/1.8/gems/actionpack-2.1.1/lib/action_controller/dispatcher.rb:107:in `dispatch'
    /opt/local/lib/ruby/gems/1.8/gems/actionpack-2.1.1/lib/action_controller/dispatcher.rb:104:in `synchronize'
    /opt/local/lib/ruby/gems/1.8/gems/actionpack-2.1.1/lib/action_controller/dispatcher.rb:104:in `dispatch'
    /opt/local/lib/ruby/gems/1.8/gems/actionpack-2.1.1/lib/action_controller/dispatcher.rb:120:in `dispatch_cgi'
    /opt/local/lib/ruby/gems/1.8/gems/actionpack-2.1.1/lib/action_controller/dispatcher.rb:35:in `dispatch'
    /opt/local/lib/ruby/gems/1.8/gems/mongrel-1.1.5/lib/mongrel/rails.rb:76:in `process'
    /opt/local/lib/ruby/gems/1.8/gems/mongrel-1.1.5/lib/mongrel/rails.rb:74:in `synchronize'
    /opt/local/lib/ruby/gems/1.8/gems/mongrel-1.1.5/lib/mongrel/rails.rb:74:in `process'
    /opt/local/lib/ruby/gems/1.8/gems/mongrel-1.1.5/lib/mongrel.rb:159:in `process_client'
    /opt/local/lib/ruby/gems/1.8/gems/mongrel-1.1.5/lib/mongrel.rb:158:in `each'
    /opt/local/lib/ruby/gems/1.8/gems/mongrel-1.1.5/lib/mongrel.rb:158:in `process_client'
    /opt/local/lib/ruby/gems/1.8/gems/mongrel-1.1.5/lib/mongrel.rb:285:in `run'
    /opt/local/lib/ruby/gems/1.8/gems/mongrel-1.1.5/lib/mongrel.rb:285:in `initialize'
    /opt/local/lib/ruby/gems/1.8/gems/mongrel-1.1.5/lib/mongrel.rb:285:in `new'
    /opt/local/lib/ruby/gems/1.8/gems/mongrel-1.1.5/lib/mongrel.rb:285:in `run'
    /opt/local/lib/ruby/gems/1.8/gems/mongrel-1.1.5/lib/mongrel.rb:268:in `initialize'
    /opt/local/lib/ruby/gems/1.8/gems/mongrel-1.1.5/lib/mongrel.rb:268:in `new'
    /opt/local/lib/ruby/gems/1.8/gems/mongrel-1.1.5/lib/mongrel.rb:268:in `run'
    /opt/local/lib/ruby/gems/1.8/gems/mongrel-1.1.5/lib/mongrel/configurator.rb:282:in `run'
    /opt/local/lib/ruby/gems/1.8/gems/mongrel-1.1.5/lib/mongrel/configurator.rb:281:in `each'
    /opt/local/lib/ruby/gems/1.8/gems/mongrel-1.1.5/lib/mongrel/configurator.rb:281:in `run'
    /opt/local/lib/ruby/gems/1.8/gems/mongrel-1.1.5/bin/mongrel_rails:128:in `run'
    /opt/local/lib/ruby/gems/1.8/gems/mongrel-1.1.5/lib/mongrel/command.rb:212:in `run'
    /opt/local/lib/ruby/gems/1.8/gems/mongrel-1.1.5/bin/mongrel_rails:281
    /opt/local/bin/mongrel_rails:19:in `load'
    /opt/local/bin/mongrel_rails:19

Rendering /opt/local/lib/ruby/gems/1.8/gems/actionpack-2.1.1/lib/action_controller/templates/rescues/layout.erb (internal_server_error)
  [4;36;1mGroup Load (0.000546)[0m   [0;1mSELECT * FROM "groups" [0m


Processing GroupsController#show (for 127.0.0.1 at 2008-10-22 20:24:30) [GET]
  Session ID: BAh7BzoMY3NyZl9pZCIlZjk2YzA5ZTY1Y2YyMzQ3NzE1OGZhOTA2MjdjZTQ5
NWIiCmZsYXNoSUM6J0FjdGlvbkNvbnRyb2xsZXI6OkZsYXNoOjpGbGFzaEhh
c2h7AAY6CkB1c2VkewA=--958d533a7ef098eab139e1f8483a6ac6f1c3a900
  Parameters: {"action"=>"show", "id"=>"1", "controller"=>"groups"}
  [4;35;1mGroup Load (0.000226)[0m   [0mSELECT * FROM "groups" WHERE ("groups"."id" = 1) [0m
Rendering groups/show
Completed in 0.00924 (108 reqs/sec) | Rendering: 0.00153 (16%) | DB: 0.00023 (2%) | 200 OK [http://localhost/groups/1]


Processing GroupsController#show (for 127.0.0.1 at 2008-10-22 20:25:12) [GET]
  Session ID: BAh7BzoMY3NyZl9pZCIlZjk2YzA5ZTY1Y2YyMzQ3NzE1OGZhOTA2MjdjZTQ5
NWIiCmZsYXNoSUM6J0FjdGlvbkNvbnRyb2xsZXI6OkZsYXNoOjpGbGFzaEhh
c2h7AAY6CkB1c2VkewA=--958d533a7ef098eab139e1f8483a6ac6f1c3a900
  Parameters: {"action"=>"show", "id"=>"1", "controller"=>"groups"}
  [4;36;1mGroup Load (0.000222)[0m   [0;1mSELECT * FROM "groups" WHERE ("groups"."id" = 1) [0m
Rendering groups/show
Completed in 0.00921 (108 reqs/sec) | Rendering: 0.00190 (20%) | DB: 0.00022 (2%) | 200 OK [http://localhost/groups/1]


Processing GroupsController#show (for 127.0.0.1 at 2008-10-22 20:25:22) [GET]
  Session ID: BAh7BzoMY3NyZl9pZCIlZjk2YzA5ZTY1Y2YyMzQ3NzE1OGZhOTA2MjdjZTQ5
NWIiCmZsYXNoSUM6J0FjdGlvbkNvbnRyb2xsZXI6OkZsYXNoOjpGbGFzaEhh
c2h7AAY6CkB1c2VkewA=--958d533a7ef098eab139e1f8483a6ac6f1c3a900
  Parameters: {"action"=>"show", "id"=>"1", "controller"=>"groups"}
  [4;35;1mGroup Load (0.000273)[0m   [0mSELECT * FROM "groups" WHERE ("groups"."id" = 1) [0m
Rendering groups/show
Completed in 0.00959 (104 reqs/sec) | Rendering: 0.00220 (22%) | DB: 0.00027 (2%) | 200 OK [http://localhost/groups/1]


Processing GroupsController#show (for 127.0.0.1 at 2008-10-22 20:26:44) [GET]
  Session ID: BAh7BzoMY3NyZl9pZCIlZjk2YzA5ZTY1Y2YyMzQ3NzE1OGZhOTA2MjdjZTQ5
NWIiCmZsYXNoSUM6J0FjdGlvbkNvbnRyb2xsZXI6OkZsYXNoOjpGbGFzaEhh
c2h7AAY6CkB1c2VkewA=--958d533a7ef098eab139e1f8483a6ac6f1c3a900
  Parameters: {"action"=>"show", "id"=>"1", "controller"=>"groups"}
  [4;36;1mGroup Load (0.000231)[0m   [0;1mSELECT * FROM "groups" WHERE ("groups"."id" = 1) [0m
Rendering groups/show
Completed in 0.08886 (11 reqs/sec) | Rendering: 0.00207 (2%) | DB: 0.00023 (0%) | 200 OK [http://localhost/groups/1]


Processing GroupsController#index (for 127.0.0.1 at 2008-10-22 20:27:02) [GET]
  Session ID: BAh7BzoMY3NyZl9pZCIlZjk2YzA5ZTY1Y2YyMzQ3NzE1OGZhOTA2MjdjZTQ5
NWIiCmZsYXNoSUM6J0FjdGlvbkNvbnRyb2xsZXI6OkZsYXNoOjpGbGFzaEhh
c2h7AAY6CkB1c2VkewA=--958d533a7ef098eab139e1f8483a6ac6f1c3a900
  Parameters: {"action"=>"index", "controller"=>"groups"}
  [4;35;1mGroup Load (0.000578)[0m   [0mSELECT * FROM "groups" [0m
Rendering groups/index
Completed in 0.01019 (98 reqs/sec) | Rendering: 0.00295 (28%) | DB: 0.00058 (5%) | 200 OK [http://localhost/groups]


Processing GroupsController#show (for 127.0.0.1 at 2008-10-22 20:27:04) [GET]
  Session ID: BAh7BzoMY3NyZl9pZCIlZjk2YzA5ZTY1Y2YyMzQ3NzE1OGZhOTA2MjdjZTQ5
NWIiCmZsYXNoSUM6J0FjdGlvbkNvbnRyb2xsZXI6OkZsYXNoOjpGbGFzaEhh
c2h7AAY6CkB1c2VkewA=--958d533a7ef098eab139e1f8483a6ac6f1c3a900
  Parameters: {"action"=>"show", "id"=>"1", "controller"=>"groups"}
  [4;36;1mGroup Load (0.000231)[0m   [0;1mSELECT * FROM "groups" WHERE ("groups"."id" = 1) [0m
Rendering groups/show
Completed in 0.00903 (110 reqs/sec) | Rendering: 0.00162 (17%) | DB: 0.00023 (2%) | 200 OK [http://localhost/groups/1]


Processing GroupsController#show (for 127.0.0.1 at 2008-10-22 20:27:07) [GET]
  Session ID: BAh7BzoMY3NyZl9pZCIlZjk2YzA5ZTY1Y2YyMzQ3NzE1OGZhOTA2MjdjZTQ5
NWIiCmZsYXNoSUM6J0FjdGlvbkNvbnRyb2xsZXI6OkZsYXNoOjpGbGFzaEhh
c2h7AAY6CkB1c2VkewA=--958d533a7ef098eab139e1f8483a6ac6f1c3a900
  Parameters: {"action"=>"show", "id"=>"1", "controller"=>"groups"}
  [4;35;1mGroup Load (0.000283)[0m   [0mSELECT * FROM "groups" WHERE ("groups"."id" = 1) [0m
Rendering groups/show
Completed in 0.00920 (108 reqs/sec) | Rendering: 0.00156 (16%) | DB: 0.00028 (3%) | 200 OK [http://localhost/groups/1]
  [4;36;1mCategory Load (0.001064)[0m   [0;1mSELECT * FROM "categories" [0m
  [4;35;1mCategory Create (0.051127)[0m   [0mINSERT INTO "categories" ("name", "updated_at", "created_at") VALUES('Miscellaneous', '2008-10-23 00:30:06', '2008-10-23 00:30:06')[0m
  [4;36;1mCategory Create (0.000472)[0m   [0;1mINSERT INTO "categories" ("name", "updated_at", "created_at") VALUES('Political', '2008-10-23 00:30:06', '2008-10-23 00:30:06')[0m
  [4;35;1mCategory Create (0.043088)[0m   [0mINSERT INTO "categories" ("name", "updated_at", "created_at") VALUES('Sports & Recreation', '2008-10-23 00:30:07', '2008-10-23 00:30:07')[0m
  [4;36;1mCategory Create (0.015357)[0m   [0;1mINSERT INTO "categories" ("name", "updated_at", "created_at") VALUES('Art', '2008-10-23 00:30:07', '2008-10-23 00:30:07')[0m
  [4;35;1mCategory Create (0.000425)[0m   [0mINSERT INTO "categories" ("name", "updated_at", "created_at") VALUES('Academic', '2008-10-23 00:30:07', '2008-10-23 00:30:07')[0m
  [4;36;1mCategory Create (0.000581)[0m   [0;1mINSERT INTO "categories" ("name", "updated_at", "created_at") VALUES('International', '2008-10-23 00:30:07', '2008-10-23 00:30:07')[0m
  [4;35;1mCategory Create (0.030423)[0m   [0mINSERT INTO "categories" ("name", "updated_at", "created_at") VALUES('Council', '2008-10-23 00:30:07', '2008-10-23 00:30:07')[0m
  [4;36;1mCategory Create (0.023776)[0m   [0;1mINSERT INTO "categories" ("name", "updated_at", "created_at") VALUES('Cabinet', '2008-10-23 00:30:07', '2008-10-23 00:30:07')[0m
  [4;35;1mCategory Create (0.000530)[0m   [0mINSERT INTO "categories" ("name", "updated_at", "created_at") VALUES('Publication', '2008-10-23 00:30:07', '2008-10-23 00:30:07')[0m
  [4;36;1mCategory Load (0.023649)[0m   [0;1mSELECT * FROM "categories" [0m


Processing CategoriesController#index (for 127.0.0.1 at 2008-10-22 20:30:19) [GET]
  Session ID: BAh7BzoMY3NyZl9pZCIlZjk2YzA5ZTY1Y2YyMzQ3NzE1OGZhOTA2MjdjZTQ5
NWIiCmZsYXNoSUM6J0FjdGlvbkNvbnRyb2xsZXI6OkZsYXNoOjpGbGFzaEhh
c2h7AAY6CkB1c2VkewA=--958d533a7ef098eab139e1f8483a6ac6f1c3a900
  Parameters: {"action"=>"index", "controller"=>"categories"}
  [4;36;1mCategory Load (0.001149)[0m   [0;1mSELECT * FROM "categories" [0m
Rendering categories/index
Completed in 0.03459 (28 reqs/sec) | Rendering: 0.00286 (8%) | DB: 0.00115 (3%) | 200 OK [http://localhost/categories]
  [4;36;1mCategory Load (0.001388)[0m   [0;1mSELECT * FROM "categories" WHERE ("categories"."name" = 'Council') [0m
  [4;35;1mCategory Load (0.000389)[0m   [0mSELECT * FROM "categories" WHERE ("categories"."name" = 'Council') [0m
  [4;36;1mCategory Load (0.000360)[0m   [0;1mSELECT * FROM "categories" WHERE ("categories"."name" = 'Council') [0m
  [4;35;1mGroup Load (0.000326)[0m   [0mSELECT * FROM "groups" INNER JOIN "categories_groups" ON "groups".id = "categories_groups".group_id WHERE ("categories_groups".category_id = 7 ) [0m
  [4;36;1mCategory Destroy (0.000570)[0m   [0;1m DELETE FROM "categories"
 WHERE "id" = 7
[0m
  [4;35;1mCategory Load (0.000424)[0m   [0mSELECT * FROM "categories" WHERE ("categories"."name" = 'Cabinet') [0m
  [4;36;1mGroup Load (0.000260)[0m   [0;1mSELECT * FROM "groups" INNER JOIN "categories_groups" ON "groups".id = "categories_groups".group_id WHERE ("categories_groups".category_id = 8 ) [0m
  [4;35;1mCategory Destroy (0.000505)[0m   [0m DELETE FROM "categories"
 WHERE "id" = 8
[0m
  [4;36;1mCategory Load (0.000419)[0m   [0;1mSELECT * FROM "categories" WHERE ("categories"."name" = 'Publication') [0m
  [4;35;1mGroup Load (0.000215)[0m   [0mSELECT * FROM "groups" INNER JOIN "categories_groups" ON "groups".id = "categories_groups".group_id WHERE ("categories_groups".category_id = 9 ) [0m
  [4;36;1mCategory Destroy (0.000332)[0m   [0;1m DELETE FROM "categories"
 WHERE "id" = 9
[0m


Processing CategoriesController#index (for 127.0.0.1 at 2008-10-22 20:33:45) [GET]
  Session ID: BAh7BzoMY3NyZl9pZCIlZjk2YzA5ZTY1Y2YyMzQ3NzE1OGZhOTA2MjdjZTQ5
NWIiCmZsYXNoSUM6J0FjdGlvbkNvbnRyb2xsZXI6OkZsYXNoOjpGbGFzaEhh
c2h7AAY6CkB1c2VkewA=--958d533a7ef098eab139e1f8483a6ac6f1c3a900
  Parameters: {"action"=>"index", "controller"=>"categories"}
  [4;35;1mCategory Load (0.000809)[0m   [0mSELECT * FROM "categories" [0m
Rendering categories/index
Completed in 0.01068 (93 reqs/sec) | Rendering: 0.00242 (22%) | DB: 0.00081 (7%) | 200 OK [http://localhost/categories]
